2013-08-21 09:00:33,455 INFO  DataCollectionLogger - Sando.UI.UIPackage: Solution opened: SolutionHash=-713419585
2013-08-21 09:00:59,014 INFO  DataCollectionLogger - Sando.UI.View.SearchManager: Pre retrieval metrics: MaxIDF=0, AvgIDF=0, AvgSQC=0, AvgVAR=0
2013-08-21 09:00:59,025 INFO  DataCollectionLogger - Sando.UI.View.SearchManager: Query submitted by user: QueryDescription=Plain ; DiceCoefficientToPreviousQuery=0
2013-08-21 09:00:59,155 INFO  DataCollectionLogger - Sando.UI.View.SearchManager: Sando returned results: NumberOfResults=0, MaxNumberOfResultsPossible=40
2013-08-21 09:00:59,156 INFO  DataCollectionLogger - Sando.UI.View.SearchManager: Post retrieval metrics: AvgScore=NaN, StdDevScore=NaN
2013-08-21 09:01:37,676 INFO  DataCollectionLogger - TagCloud: Render a tag cloud. Query: getlicense
2013-08-21 09:01:40,510 INFO  DataCollectionLogger - Sando.UI.View.SearchManager: Pre retrieval metrics: MaxIDF=0, AvgIDF=0, AvgSQC=0, AvgVAR=0
2013-08-21 09:01:40,512 INFO  DataCollectionLogger - Sando.UI.View.SearchManager: Query submitted by user: QueryDescription=Plain ; DiceCoefficientToPreviousQuery=1
2013-08-21 09:01:40,522 INFO  DataCollectionLogger - Sando.UI.View.SearchManager: Sando returned results: NumberOfResults=0, MaxNumberOfResultsPossible=40
2013-08-21 09:01:40,523 INFO  DataCollectionLogger - Sando.UI.View.SearchManager: Post retrieval metrics: AvgScore=NaN, StdDevScore=NaN
2013-08-21 09:01:42,126 INFO  DataCollectionLogger - Sando.UI.View.SearchManager: Pre retrieval metrics: MaxIDF=0, AvgIDF=0, AvgSQC=0, AvgVAR=0
2013-08-21 09:01:42,127 INFO  DataCollectionLogger - Sando.UI.View.SearchManager: Query submitted by user: QueryDescription=Plain ; DiceCoefficientToPreviousQuery=1
2013-08-21 09:01:42,139 INFO  DataCollectionLogger - Sando.UI.View.SearchManager: Sando returned results: NumberOfResults=0, MaxNumberOfResultsPossible=40
2013-08-21 09:01:42,139 INFO  DataCollectionLogger - Sando.UI.View.SearchManager: Post retrieval metrics: AvgScore=NaN, StdDevScore=NaN
2013-08-21 09:03:44,282 INFO  DataCollectionLogger - Sando.UI.View.SearchManager: Pre retrieval metrics: MaxIDF=0, AvgIDF=0, AvgSQC=0, AvgVAR=0
2013-08-21 09:03:44,284 INFO  DataCollectionLogger - Sando.UI.View.SearchManager: Query submitted by user: QueryDescription=CamelcaseAcronym ; DiceCoefficientToPreviousQuery=0
2013-08-21 09:03:44,300 INFO  DataCollectionLogger - Sando.UI.View.SearchManager: Sando returned results: NumberOfResults=0, MaxNumberOfResultsPossible=40
2013-08-21 09:03:44,300 INFO  DataCollectionLogger - Sando.UI.View.SearchManager: Post retrieval metrics: AvgScore=NaN, StdDevScore=NaN
2013-08-21 09:03:46,703 INFO  DataCollectionLogger - Sando.UI.View.SearchManager: Pre retrieval metrics: MaxIDF=0, AvgIDF=0, AvgSQC=0, AvgVAR=0
2013-08-21 09:03:46,703 INFO  DataCollectionLogger - Sando.UI.View.SearchManager: Query submitted by user: QueryDescription=CamelcaseAcronym ; DiceCoefficientToPreviousQuery=1
2013-08-21 09:03:46,722 INFO  DataCollectionLogger - Sando.UI.View.SearchManager: Sando returned results: NumberOfResults=0, MaxNumberOfResultsPossible=40
2013-08-21 09:03:46,723 INFO  DataCollectionLogger - Sando.UI.View.SearchManager: Post retrieval metrics: AvgScore=NaN, StdDevScore=NaN
2013-08-21 09:04:10,695 INFO  DataCollectionLogger - TagCloud: Render a tag cloud. Query: SCPG2Connector
2013-08-21 09:04:20,443 INFO  DataCollectionLogger - Sando.UI.View.SearchManager: Pre retrieval metrics: MaxIDF=0, AvgIDF=0, AvgSQC=0, AvgVAR=0
2013-08-21 09:04:20,444 INFO  DataCollectionLogger - Sando.UI.View.SearchManager: Query submitted by user: QueryDescription=CamelcaseAcronym ; DiceCoefficientToPreviousQuery=0
2013-08-21 09:04:31,184 INFO  DataCollectionLogger - Sando.UI.View.SearchManager: Pre retrieval metrics: MaxIDF=0, AvgIDF=0, AvgSQC=0, AvgVAR=0
2013-08-21 09:04:31,185 INFO  DataCollectionLogger - Sando.UI.View.SearchManager: Query submitted by user: QueryDescription=CamelcaseAcronym ; DiceCoefficientToPreviousQuery=0
2013-08-21 09:04:31,198 INFO  DataCollectionLogger - Sando.UI.View.SearchManager: Sando returned results: NumberOfResults=0, MaxNumberOfResultsPossible=40
2013-08-21 09:04:31,199 INFO  DataCollectionLogger - Sando.UI.View.SearchManager: Post retrieval metrics: AvgScore=NaN, StdDevScore=NaN
2013-08-21 09:04:58,837 INFO  DataCollectionLogger - Sando.UI.View.SearchManager: Pre retrieval metrics: MaxIDF=0, AvgIDF=0, AvgSQC=0, AvgVAR=0
2013-08-21 09:04:58,838 INFO  DataCollectionLogger - Sando.UI.View.SearchManager: Query submitted by user: QueryDescription=CamelcaseAcronym ; DiceCoefficientToPreviousQuery=1
2013-08-21 09:04:58,853 INFO  DataCollectionLogger - Sando.UI.View.SearchManager: Sando returned results: NumberOfResults=0, MaxNumberOfResultsPossible=40
2013-08-21 09:04:58,854 INFO  DataCollectionLogger - Sando.UI.View.SearchManager: Post retrieval metrics: AvgScore=NaN, StdDevScore=NaN
2013-08-21 09:05:00,229 INFO  DataCollectionLogger - Sando.UI.View.SearchManager: Pre retrieval metrics: MaxIDF=0, AvgIDF=0, AvgSQC=0, AvgVAR=0
2013-08-21 09:05:00,229 INFO  DataCollectionLogger - Sando.UI.View.SearchManager: Query submitted by user: QueryDescription=CamelcaseAcronym ; DiceCoefficientToPreviousQuery=1
2013-08-21 09:05:00,248 INFO  DataCollectionLogger - Sando.UI.View.SearchManager: Sando returned results: NumberOfResults=0, MaxNumberOfResultsPossible=40
2013-08-21 09:05:00,249 INFO  DataCollectionLogger - Sando.UI.View.SearchManager: Post retrieval metrics: AvgScore=NaN, StdDevScore=NaN
2013-08-21 09:05:01,220 INFO  DataCollectionLogger - Sando.UI.View.SearchManager: Pre retrieval metrics: MaxIDF=0, AvgIDF=0, AvgSQC=0, AvgVAR=0
2013-08-21 09:05:01,221 INFO  DataCollectionLogger - Sando.UI.View.SearchManager: Query submitted by user: QueryDescription=CamelcaseAcronym ; DiceCoefficientToPreviousQuery=1
2013-08-21 09:05:01,234 INFO  DataCollectionLogger - Sando.UI.View.SearchManager: Sando returned results: NumberOfResults=0, MaxNumberOfResultsPossible=40
2013-08-21 09:05:01,235 INFO  DataCollectionLogger - Sando.UI.View.SearchManager: Post retrieval metrics: AvgScore=NaN, StdDevScore=NaN
2013-08-21 09:05:01,386 INFO  DataCollectionLogger - Sando.UI.View.SearchManager: Pre retrieval metrics: MaxIDF=0, AvgIDF=0, AvgSQC=0, AvgVAR=0
2013-08-21 09:05:01,387 INFO  DataCollectionLogger - Sando.UI.View.SearchManager: Query submitted by user: QueryDescription=CamelcaseAcronym ; DiceCoefficientToPreviousQuery=1
2013-08-21 09:05:01,404 INFO  DataCollectionLogger - Sando.UI.View.SearchManager: Sando returned results: NumberOfResults=0, MaxNumberOfResultsPossible=40
2013-08-21 09:05:01,405 INFO  DataCollectionLogger - Sando.UI.View.SearchManager: Post retrieval metrics: AvgScore=NaN, StdDevScore=NaN
2013-08-21 09:05:05,959 INFO  DataCollectionLogger - TagCloud: Render a tag cloud. Query: SCPG2Connector
2013-08-21 09:05:06,129 INFO  DataCollectionLogger - TagCloud: Render a tag cloud. Query: SCPG2Connector
2013-08-21 09:05:07,740 INFO  DataCollectionLogger - TagCloud: Render a tag cloud. Query: SCPG2Connector
2013-08-21 09:05:08,823 INFO  DataCollectionLogger - Sando.UI.View.SearchManager: Pre retrieval metrics: MaxIDF=0, AvgIDF=0, AvgSQC=0, AvgVAR=0
2013-08-21 09:05:08,823 INFO  DataCollectionLogger - Sando.UI.View.SearchManager: Query submitted by user: QueryDescription=CamelcaseAcronym ; DiceCoefficientToPreviousQuery=1
2013-08-21 09:05:08,842 INFO  DataCollectionLogger - Sando.UI.View.SearchManager: Sando returned results: NumberOfResults=0, MaxNumberOfResultsPossible=40
2013-08-21 09:05:08,843 INFO  DataCollectionLogger - Sando.UI.View.SearchManager: Post retrieval metrics: AvgScore=NaN, StdDevScore=NaN
2013-08-21 09:05:10,274 INFO  DataCollectionLogger - Sando.UI.View.SearchManager: Pre retrieval metrics: MaxIDF=0, AvgIDF=0, AvgSQC=0, AvgVAR=0
2013-08-21 09:05:10,275 INFO  DataCollectionLogger - Sando.UI.View.SearchManager: Query submitted by user: QueryDescription=CamelcaseAcronym ; DiceCoefficientToPreviousQuery=1
2013-08-21 09:05:10,292 INFO  DataCollectionLogger - Sando.UI.View.SearchManager: Sando returned results: NumberOfResults=0, MaxNumberOfResultsPossible=40
2013-08-21 09:05:10,293 INFO  DataCollectionLogger - Sando.UI.View.SearchManager: Post retrieval metrics: AvgScore=NaN, StdDevScore=NaN
2013-08-21 09:05:16,448 INFO  DataCollectionLogger - Sando.UI.View.SearchManager: Pre retrieval metrics: MaxIDF=0, AvgIDF=0, AvgSQC=0, AvgVAR=0
2013-08-21 09:05:16,449 INFO  DataCollectionLogger - Sando.UI.View.SearchManager: Query submitted by user: QueryDescription=QuotedCamelcaseAcronym ; DiceCoefficientToPreviousQuery=0
2013-08-21 09:05:16,455 INFO  DataCollectionLogger - Sando.UI.View.SearchManager: Sando returned results: NumberOfResults=0, MaxNumberOfResultsPossible=40
2013-08-21 09:05:16,455 INFO  DataCollectionLogger - Sando.UI.View.SearchManager: Post retrieval metrics: AvgScore=NaN, StdDevScore=NaN
2013-08-21 09:05:17,936 INFO  DataCollectionLogger - Sando.UI.View.SearchManager: Pre retrieval metrics: MaxIDF=0, AvgIDF=0, AvgSQC=0, AvgVAR=0
2013-08-21 09:05:17,937 INFO  DataCollectionLogger - Sando.UI.View.SearchManager: Query submitted by user: QueryDescription=QuotedCamelcaseAcronym ; DiceCoefficientToPreviousQuery=1
2013-08-21 09:05:17,943 INFO  DataCollectionLogger - Sando.UI.View.SearchManager: Sando returned results: NumberOfResults=0, MaxNumberOfResultsPossible=40
2013-08-21 09:05:17,943 INFO  DataCollectionLogger - Sando.UI.View.SearchManager: Post retrieval metrics: AvgScore=NaN, StdDevScore=NaN
2013-08-21 09:05:53,565 INFO  DataCollectionLogger - Sando.UI.View.SearchManager: Pre retrieval metrics: MaxIDF=0, AvgIDF=0, AvgSQC=0, AvgVAR=0
2013-08-21 09:05:53,566 INFO  DataCollectionLogger - Sando.UI.View.SearchManager: Query submitted by user: QueryDescription=Plain ; DiceCoefficientToPreviousQuery=0
2013-08-21 09:05:53,576 INFO  DataCollectionLogger - Sando.UI.View.SearchManager: Sando returned results: NumberOfResults=0, MaxNumberOfResultsPossible=40
2013-08-21 09:05:53,577 INFO  DataCollectionLogger - Sando.UI.View.SearchManager: Post retrieval metrics: AvgScore=NaN, StdDevScore=NaN
2013-08-21 09:05:54,247 INFO  DataCollectionLogger - Sando.UI.View.SearchManager: Pre retrieval metrics: MaxIDF=0, AvgIDF=0, AvgSQC=0, AvgVAR=0
2013-08-21 09:05:54,248 INFO  DataCollectionLogger - Sando.UI.View.SearchManager: Query submitted by user: QueryDescription=Plain ; DiceCoefficientToPreviousQuery=1
2013-08-21 09:05:54,255 INFO  DataCollectionLogger - Sando.UI.View.SearchManager: Sando returned results: NumberOfResults=0, MaxNumberOfResultsPossible=40
2013-08-21 09:05:54,256 INFO  DataCollectionLogger - Sando.UI.View.SearchManager: Post retrieval metrics: AvgScore=NaN, StdDevScore=NaN
2013-08-21 09:06:08,061 INFO  DataCollectionLogger - Sando.UI.View.SearchManager: Pre retrieval metrics: MaxIDF=0, AvgIDF=0, AvgSQC=0, AvgVAR=0
2013-08-21 09:06:08,062 INFO  DataCollectionLogger - Sando.UI.View.SearchManager: Query submitted by user: QueryDescription=Plain ; DiceCoefficientToPreviousQuery=0
2013-08-21 09:06:08,070 INFO  DataCollectionLogger - Sando.UI.View.SearchManager: Sando returned results: NumberOfResults=0, MaxNumberOfResultsPossible=40
2013-08-21 09:06:08,071 INFO  DataCollectionLogger - Sando.UI.View.SearchManager: Post retrieval metrics: AvgScore=NaN, StdDevScore=NaN
2013-08-21 09:06:10,103 INFO  DataCollectionLogger - Sando.UI.View.SearchManager: Pre retrieval metrics: MaxIDF=0, AvgIDF=0, AvgSQC=0, AvgVAR=0
2013-08-21 09:06:10,103 INFO  DataCollectionLogger - Sando.UI.View.SearchManager: Query submitted by user: QueryDescription=Plain ; DiceCoefficientToPreviousQuery=1
2013-08-21 09:06:10,114 INFO  DataCollectionLogger - Sando.UI.View.SearchManager: Sando returned results: NumberOfResults=0, MaxNumberOfResultsPossible=40
2013-08-21 09:06:10,115 INFO  DataCollectionLogger - Sando.UI.View.SearchManager: Post retrieval metrics: AvgScore=NaN, StdDevScore=NaN
2013-08-21 09:06:39,737 INFO  DataCollectionLogger - Sando.UI.View.SearchManager: Pre retrieval metrics: MaxIDF=0, AvgIDF=0, AvgSQC=0, AvgVAR=0
2013-08-21 09:06:39,737 INFO  DataCollectionLogger - Sando.UI.View.SearchManager: Query submitted by user: QueryDescription=CamelcaseAcronym ; DiceCoefficientToPreviousQuery=0
2013-08-21 09:06:39,752 INFO  DataCollectionLogger - Sando.UI.View.SearchManager: Sando returned results: NumberOfResults=0, MaxNumberOfResultsPossible=40
2013-08-21 09:06:39,753 INFO  DataCollectionLogger - Sando.UI.View.SearchManager: Post retrieval metrics: AvgScore=NaN, StdDevScore=NaN
2013-08-21 09:06:41,236 INFO  DataCollectionLogger - Sando.UI.View.SearchManager: Pre retrieval metrics: MaxIDF=0, AvgIDF=0, AvgSQC=0, AvgVAR=0
2013-08-21 09:06:41,237 INFO  DataCollectionLogger - Sando.UI.View.SearchManager: Query submitted by user: QueryDescription=CamelcaseAcronym ; DiceCoefficientToPreviousQuery=1
2013-08-21 09:06:41,250 INFO  DataCollectionLogger - Sando.UI.View.SearchManager: Sando returned results: NumberOfResults=0, MaxNumberOfResultsPossible=40
2013-08-21 09:06:41,251 INFO  DataCollectionLogger - Sando.UI.View.SearchManager: Post retrieval metrics: AvgScore=NaN, StdDevScore=NaN
2013-08-21 09:06:50,292 INFO  DataCollectionLogger - Sando.UI.View.SearchManager: Pre retrieval metrics: MaxIDF=0, AvgIDF=0, AvgSQC=0, AvgVAR=0
2013-08-21 09:06:50,293 INFO  DataCollectionLogger - Sando.UI.View.SearchManager: Query submitted by user: QueryDescription=CamelcaseAcronym ; DiceCoefficientToPreviousQuery=1
2013-08-21 09:06:50,314 INFO  DataCollectionLogger - Sando.UI.View.SearchManager: Sando returned results: NumberOfResults=0, MaxNumberOfResultsPossible=40
2013-08-21 09:06:50,315 INFO  DataCollectionLogger - Sando.UI.View.SearchManager: Post retrieval metrics: AvgScore=NaN, StdDevScore=NaN
2013-08-21 09:12:49,984 INFO  DataCollectionLogger - Sando.UI.View.SearchManager: Pre retrieval metrics: MaxIDF=0, AvgIDF=0, AvgSQC=0, AvgVAR=0
2013-08-21 09:12:49,985 INFO  DataCollectionLogger - Sando.UI.View.SearchManager: Query submitted by user: QueryDescription=CamelcaseAcronym ; DiceCoefficientToPreviousQuery=1
2013-08-21 09:12:50,002 INFO  DataCollectionLogger - Sando.UI.View.SearchManager: Sando returned results: NumberOfResults=0, MaxNumberOfResultsPossible=40
2013-08-21 09:12:50,003 INFO  DataCollectionLogger - Sando.UI.View.SearchManager: Post retrieval metrics: AvgScore=NaN, StdDevScore=NaN
2013-08-21 09:12:51,567 INFO  DataCollectionLogger - Sando.UI.View.SearchManager: Pre retrieval metrics: MaxIDF=0, AvgIDF=0, AvgSQC=0, AvgVAR=0
2013-08-21 09:12:51,568 INFO  DataCollectionLogger - Sando.UI.View.SearchManager: Query submitted by user: QueryDescription=CamelcaseAcronym ; DiceCoefficientToPreviousQuery=1
2013-08-21 09:12:51,591 INFO  DataCollectionLogger - Sando.UI.View.SearchManager: Sando returned results: NumberOfResults=0, MaxNumberOfResultsPossible=40
2013-08-21 09:12:51,591 INFO  DataCollectionLogger - Sando.UI.View.SearchManager: Post retrieval metrics: AvgScore=NaN, StdDevScore=NaN
2013-08-21 09:12:53,456 INFO  DataCollectionLogger - Sando.UI.View.SearchManager: Pre retrieval metrics: MaxIDF=0, AvgIDF=0, AvgSQC=0, AvgVAR=0
2013-08-21 09:12:53,457 INFO  DataCollectionLogger - Sando.UI.View.SearchManager: Query submitted by user: QueryDescription=CamelcaseAcronym ; DiceCoefficientToPreviousQuery=1
2013-08-21 09:12:53,470 INFO  DataCollectionLogger - Sando.UI.View.SearchManager: Sando returned results: NumberOfResults=0, MaxNumberOfResultsPossible=40
2013-08-21 09:12:53,471 INFO  DataCollectionLogger - Sando.UI.View.SearchManager: Post retrieval metrics: AvgScore=NaN, StdDevScore=NaN
2013-08-21 09:14:13,624 INFO  DataCollectionLogger - Sando.UI.View.SearchManager: Pre retrieval metrics: MaxIDF=0, AvgIDF=0, AvgSQC=0, AvgVAR=0
2013-08-21 09:14:13,625 INFO  DataCollectionLogger - Sando.UI.View.SearchManager: Query submitted by user: QueryDescription=CamelcaseAcronym,Plain ; DiceCoefficientToPreviousQuery=1
2013-08-21 09:14:13,645 INFO  DataCollectionLogger - Sando.UI.View.SearchManager: Sando returned results: NumberOfResults=0, MaxNumberOfResultsPossible=40
2013-08-21 09:14:13,646 INFO  DataCollectionLogger - Sando.UI.View.SearchManager: Post retrieval metrics: AvgScore=NaN, StdDevScore=NaN
2013-08-21 09:14:15,707 INFO  DataCollectionLogger - Sando.UI.View.SearchManager: Pre retrieval metrics: MaxIDF=0, AvgIDF=0, AvgSQC=0, AvgVAR=0
2013-08-21 09:14:15,708 INFO  DataCollectionLogger - Sando.UI.View.SearchManager: Query submitted by user: QueryDescription=CamelcaseAcronym,Plain ; DiceCoefficientToPreviousQuery=1
2013-08-21 09:14:15,725 INFO  DataCollectionLogger - Sando.UI.View.SearchManager: Sando returned results: NumberOfResults=0, MaxNumberOfResultsPossible=40
2013-08-21 09:14:15,726 INFO  DataCollectionLogger - Sando.UI.View.SearchManager: Post retrieval metrics: AvgScore=NaN, StdDevScore=NaN
2013-08-21 09:14:16,646 INFO  DataCollectionLogger - Sando.UI.View.SearchManager: Pre retrieval metrics: MaxIDF=0, AvgIDF=0, AvgSQC=0, AvgVAR=0
2013-08-21 09:14:16,647 INFO  DataCollectionLogger - Sando.UI.View.SearchManager: Query submitted by user: QueryDescription=CamelcaseAcronym,Plain ; DiceCoefficientToPreviousQuery=1
2013-08-21 09:14:16,662 INFO  DataCollectionLogger - Sando.UI.View.SearchManager: Sando returned results: NumberOfResults=0, MaxNumberOfResultsPossible=40
2013-08-21 09:14:16,663 INFO  DataCollectionLogger - Sando.UI.View.SearchManager: Post retrieval metrics: AvgScore=NaN, StdDevScore=NaN
2013-08-21 09:14:16,805 INFO  DataCollectionLogger - Sando.UI.View.SearchManager: Pre retrieval metrics: MaxIDF=0, AvgIDF=0, AvgSQC=0, AvgVAR=0
2013-08-21 09:14:16,806 INFO  DataCollectionLogger - Sando.UI.View.SearchManager: Query submitted by user: QueryDescription=CamelcaseAcronym,Plain ; DiceCoefficientToPreviousQuery=1
2013-08-21 09:14:16,840 INFO  DataCollectionLogger - Sando.UI.View.SearchManager: Sando returned results: NumberOfResults=0, MaxNumberOfResultsPossible=40
2013-08-21 09:14:16,841 INFO  DataCollectionLogger - Sando.UI.View.SearchManager: Post retrieval metrics: AvgScore=NaN, StdDevScore=NaN
