2013-08-22 12:29:25,206 INFO  DataCollectionLogger - Sando.UI.UIPackage: Solution opened: SolutionHash=-2026767495
2013-08-22 12:30:03,463 INFO  DataCollectionLogger - Sando.UI.View.SearchManager: Pre retrieval metrics: MaxIDF=0, AvgIDF=0, AvgSQC=0, AvgVAR=0
2013-08-22 12:30:03,481 INFO  DataCollectionLogger - Sando.UI.View.SearchManager: Query submitted by user: QueryDescription=Camelcase ; DiceCoefficientToPreviousQuery=0
2013-08-22 12:30:03,690 INFO  DataCollectionLogger - Post-search recommendation: Add search terms automatically.Typo Correction; 
2013-08-22 12:30:03,694 INFO  DataCollectionLogger - Post-search recommendation: Created links.Typo Correction; Typo Correction; Typo Correction; Typo Correction; 
2013-08-22 12:30:04,858 INFO  DataCollectionLogger - Sando.UI.View.SearchManager: Sando returned results: NumberOfResults=40, MaxNumberOfResultsPossible=40
2013-08-22 12:30:04,860 INFO  DataCollectionLogger - Sando.UI.View.SearchManager: Post retrieval metrics: AvgScore=0.0552223907783628, StdDevScore=0.0275599912841083
2013-08-22 12:30:12,566 INFO  DataCollectionLogger - Sando.UI.View.SearchViewControl: User single-clicked a result: SingleClickedResultRank=11
2013-08-22 12:30:14,943 INFO  DataCollectionLogger - FileOpener: User double-clicked a result: TypeOfResult=Enum, QueryToResultSimilarityDescription=QueryNotInNameOrRawSource, ResultLanguage=C++, ResultLuceneScore=0.0535839684307575, DoubleClickedResultRank=11
2013-08-22 12:30:16,879 INFO  DataCollectionLogger - Sando.UI.View.SearchViewControl: User single-clicked a result: SingleClickedResultRank=0
2013-08-22 12:30:51,299 INFO  DataCollectionLogger - Sando.UI.View.SearchViewControl: User single-clicked a result: SingleClickedResultRank=5
2013-08-22 12:30:51,776 INFO  DataCollectionLogger - FileOpener: User double-clicked a result: TypeOfResult=MethodPrototype, QueryToResultSimilarityDescription=QueryNotInNameOrRawSource, ResultLanguage=C++, ResultLuceneScore=0.0747644528746605, DoubleClickedResultRank=5
2013-08-22 12:30:54,999 INFO  DataCollectionLogger - Sando.UI.View.SearchViewControl: User single-clicked a result: SingleClickedResultRank=0
2013-08-22 12:31:14,621 INFO  DataCollectionLogger - TagCloud: Render a tag cloud.
2013-08-22 12:31:18,846 INFO  DataCollectionLogger - TagCloud: Render a tag cloud.
2013-08-22 12:32:23,367 INFO  DataCollectionLogger - Sando.UI.View.SearchViewControl: User single-clicked a result: SingleClickedResultRank=1
2013-08-22 12:32:23,591 INFO  DataCollectionLogger - FileOpener: User double-clicked a result: TypeOfResult=MethodPrototype, QueryToResultSimilarityDescription=QueryNotInNameOrRawSource, ResultLanguage=C++, ResultLuceneScore=0.192539125680923, DoubleClickedResultRank=1
2013-08-22 12:32:28,194 INFO  DataCollectionLogger - Sando.UI.View.SearchViewControl: User single-clicked a result: SingleClickedResultRank=0
2013-08-22 12:32:33,153 INFO  DataCollectionLogger - Sando.UI.View.SearchManager: Pre retrieval metrics: MaxIDF=0, AvgIDF=0, AvgSQC=0, AvgVAR=0
2013-08-22 12:32:33,155 INFO  DataCollectionLogger - Sando.UI.View.SearchManager: Query submitted by user: QueryDescription=QuotedCamelcase ; DiceCoefficientToPreviousQuery=0
2013-08-22 12:32:33,854 INFO  DataCollectionLogger - Sando.UI.View.SearchManager: Sando returned results: NumberOfResults=0, MaxNumberOfResultsPossible=40
2013-08-22 12:32:33,855 INFO  DataCollectionLogger - Sando.UI.View.SearchManager: Post retrieval metrics: AvgScore=NaN, StdDevScore=NaN
2013-08-22 12:32:41,084 INFO  DataCollectionLogger - Pre-search recommendation: History
2013-08-22 12:32:43,010 INFO  DataCollectionLogger - Pre-search recommendation: History
2013-08-22 12:32:50,225 INFO  DataCollectionLogger - Sando.UI.View.SearchManager: Pre retrieval metrics: MaxIDF=0, AvgIDF=0, AvgSQC=0, AvgVAR=0
2013-08-22 12:32:50,227 INFO  DataCollectionLogger - Sando.UI.View.SearchManager: Query submitted by user: QueryDescription=Camelcase ; DiceCoefficientToPreviousQuery=0
2013-08-22 12:32:50,440 INFO  DataCollectionLogger - Post-search recommendation: Add search terms automatically.Neighbor; 
2013-08-22 12:32:50,441 INFO  DataCollectionLogger - Post-search recommendation: Created links.Neighbor; Neighbor; Typo Correction; Neighbor; Neighbor; Typo Correction; 
2013-08-22 12:32:50,553 INFO  DataCollectionLogger - Sando.UI.View.SearchManager: Sando returned results: NumberOfResults=40, MaxNumberOfResultsPossible=40
2013-08-22 12:32:50,555 INFO  DataCollectionLogger - Sando.UI.View.SearchManager: Post retrieval metrics: AvgScore=0.125543154776096, StdDevScore=0.0484227340656852
2013-08-22 12:32:55,781 INFO  DataCollectionLogger - Sando.UI.View.SearchViewControl: User single-clicked a result: SingleClickedResultRank=1
2013-08-22 12:32:58,172 INFO  DataCollectionLogger - Sando.UI.View.SearchViewControl: User single-clicked a result: SingleClickedResultRank=0
2013-08-22 12:33:21,539 INFO  DataCollectionLogger - Sando.UI.View.SearchManager: Pre retrieval metrics: MaxIDF=0, AvgIDF=0, AvgSQC=0, AvgVAR=0
2013-08-22 12:33:21,541 INFO  DataCollectionLogger - Sando.UI.View.SearchManager: Query submitted by user: QueryDescription=Plain ; DiceCoefficientToPreviousQuery=0
2013-08-22 12:33:22,005 INFO  DataCollectionLogger - Post-search recommendation: Add search terms automatically.Neighbor; 
2013-08-22 12:33:22,006 INFO  DataCollectionLogger - Post-search recommendation: Created links.Neighbor; Typo Correction; Typo Correction; Neighbor; Neighbor; Typo Correction; Neighbor; 
2013-08-22 12:33:22,162 INFO  DataCollectionLogger - Sando.UI.View.SearchManager: Sando returned results: NumberOfResults=40, MaxNumberOfResultsPossible=40
2013-08-22 12:33:22,163 INFO  DataCollectionLogger - Sando.UI.View.SearchManager: Post retrieval metrics: AvgScore=0.0990091949701309, StdDevScore=0.0230600469407719
2013-08-22 12:33:24,992 INFO  DataCollectionLogger - Sando.UI.View.SearchViewControl: User single-clicked a result: SingleClickedResultRank=3
2013-08-22 12:33:27,529 INFO  DataCollectionLogger - Sando.UI.View.SearchViewControl: User single-clicked a result: SingleClickedResultRank=1
2013-08-22 12:33:30,111 INFO  DataCollectionLogger - Sando.UI.View.SearchViewControl: User single-clicked a result: SingleClickedResultRank=9
2013-08-22 12:33:32,446 INFO  DataCollectionLogger - Sando.UI.View.SearchViewControl: User single-clicked a result: SingleClickedResultRank=7
2013-08-22 12:33:38,436 INFO  DataCollectionLogger - FileOpener: User double-clicked a result: TypeOfResult=MethodPrototype, QueryToResultSimilarityDescription=QueryNotInNameOrRawSource, ResultLanguage=C++, ResultLuceneScore=0.127239286899567, DoubleClickedResultRank=7
2013-08-22 12:33:39,662 INFO  DataCollectionLogger - Sando.UI.View.SearchViewControl: User single-clicked a result: SingleClickedResultRank=0
2013-08-22 12:33:47,068 INFO  DataCollectionLogger - Sando.UI.View.SearchViewControl: User single-clicked a result: SingleClickedResultRank=2
2013-08-22 12:33:47,298 INFO  DataCollectionLogger - FileOpener: User double-clicked a result: TypeOfResult=Comment, QueryToResultSimilarityDescription=QueryNotInNameOrRawSource, ResultLanguage=C++, ResultLuceneScore=0.144322261214256, DoubleClickedResultRank=2
2013-08-22 12:33:52,558 INFO  DataCollectionLogger - Sando.UI.View.SearchViewControl: User single-clicked a result: SingleClickedResultRank=0
2013-08-22 12:34:41,874 INFO  DataCollectionLogger - Sando.UI.View.SearchViewControl: User single-clicked a result: SingleClickedResultRank=12
2013-08-22 12:34:42,113 INFO  DataCollectionLogger - FileOpener: User double-clicked a result: TypeOfResult=Method, QueryToResultSimilarityDescription=QueryNotInNameOrRawSource, ResultLanguage=C++, ResultLuceneScore=0.110015451908112, DoubleClickedResultRank=12
2013-08-22 12:34:43,170 INFO  DataCollectionLogger - FileOpener: User double-clicked a result: TypeOfResult=Method, QueryToResultSimilarityDescription=QueryNotInNameOrRawSource, ResultLanguage=C++, ResultLuceneScore=0.110015451908112, DoubleClickedResultRank=12
2013-08-22 12:34:45,059 INFO  DataCollectionLogger - FileOpener: User double-clicked a result: TypeOfResult=Method, QueryToResultSimilarityDescription=QueryNotInNameOrRawSource, ResultLanguage=C++, ResultLuceneScore=0.110015451908112, DoubleClickedResultRank=12
2013-08-22 12:34:45,864 INFO  DataCollectionLogger - FileOpener: User double-clicked a result: TypeOfResult=Method, QueryToResultSimilarityDescription=QueryNotInNameOrRawSource, ResultLanguage=C++, ResultLuceneScore=0.110015451908112, DoubleClickedResultRank=12
2013-08-22 12:34:47,472 INFO  DataCollectionLogger - Sando.UI.View.SearchViewControl: User single-clicked a result: SingleClickedResultRank=13
2013-08-22 12:34:47,754 INFO  DataCollectionLogger - FileOpener: User double-clicked a result: TypeOfResult=Comment, QueryToResultSimilarityDescription=QueryNotInNameOrRawSource, ResultLanguage=C++, ResultLuceneScore=0.101677753031254, DoubleClickedResultRank=13
2013-08-22 12:34:50,560 INFO  DataCollectionLogger - Sando.UI.View.SearchViewControl: User single-clicked a result: SingleClickedResultRank=0
2013-08-22 12:36:23,251 INFO  DataCollectionLogger - Sando.UI.View.SearchViewControl: User single-clicked a result: SingleClickedResultRank=23
2013-08-22 12:36:26,179 INFO  DataCollectionLogger - Sando.UI.View.SearchViewControl: User single-clicked a result: SingleClickedResultRank=17
2013-08-22 12:36:28,149 INFO  DataCollectionLogger - Sando.UI.View.SearchViewControl: User single-clicked a result: SingleClickedResultRank=18
2013-08-22 12:36:30,269 INFO  DataCollectionLogger - Sando.UI.View.SearchViewControl: User single-clicked a result: SingleClickedResultRank=0
2013-08-22 12:36:32,555 INFO  DataCollectionLogger - Sando.UI.View.SearchViewControl: User single-clicked a result: SingleClickedResultRank=11
2013-08-22 12:36:40,885 INFO  DataCollectionLogger - Sando.UI.View.SearchViewControl: User single-clicked a result: SingleClickedResultRank=0
2013-08-22 12:37:32,974 INFO  DataCollectionLogger - Sando.UI.View.SearchManager: Pre retrieval metrics: MaxIDF=0, AvgIDF=0, AvgSQC=0, AvgVAR=0
2013-08-22 12:37:32,975 INFO  DataCollectionLogger - Sando.UI.View.SearchManager: Query submitted by user: QueryDescription=QuotedCamelcase ; DiceCoefficientToPreviousQuery=0
2013-08-22 12:37:33,540 INFO  DataCollectionLogger - Sando.UI.View.SearchManager: Sando returned results: NumberOfResults=0, MaxNumberOfResultsPossible=40
2013-08-22 12:37:33,541 INFO  DataCollectionLogger - Sando.UI.View.SearchManager: Post retrieval metrics: AvgScore=NaN, StdDevScore=NaN
2013-08-22 12:37:39,166 INFO  DataCollectionLogger - Sando.UI.View.SearchManager: Pre retrieval metrics: MaxIDF=0, AvgIDF=0, AvgSQC=0, AvgVAR=0
2013-08-22 12:37:39,167 INFO  DataCollectionLogger - Sando.UI.View.SearchManager: Query submitted by user: QueryDescription=QuotedCamelcase ; DiceCoefficientToPreviousQuery=0
2013-08-22 12:37:39,724 INFO  DataCollectionLogger - Sando.UI.View.SearchManager: Sando returned results: NumberOfResults=0, MaxNumberOfResultsPossible=40
2013-08-22 12:37:39,725 INFO  DataCollectionLogger - Sando.UI.View.SearchManager: Post retrieval metrics: AvgScore=NaN, StdDevScore=NaN
2013-08-22 12:37:46,670 INFO  DataCollectionLogger - Sando.UI.View.SearchManager: Pre retrieval metrics: MaxIDF=0, AvgIDF=0, AvgSQC=0, AvgVAR=0
2013-08-22 12:37:46,672 INFO  DataCollectionLogger - Sando.UI.View.SearchManager: Query submitted by user: QueryDescription=Camelcase ; DiceCoefficientToPreviousQuery=0
2013-08-22 12:37:46,818 INFO  DataCollectionLogger - Post-search recommendation: Add search terms automatically.Neighbor; 
2013-08-22 12:37:46,819 INFO  DataCollectionLogger - Post-search recommendation: Created links.Neighbor; Neighbor; Typo Correction;Neighbor; Typo Correction;Typo Correction; Typo Correction;Typo Correction; Typo Correction;Typo Correction; Typo Correction;Typo Correction; Neighbor;Typo Correction; Typo Correction;Typo Correction; Typo Correction;Typo Correction; Neighbor;Typo Correction; Typo Correction;Neighbor; Typo Correction;Neighbor; Neighbor;Typo Correction; Neighbor;Neighbor; Neighbor;Neighbor; Typo Correction;Neighbor; Typo Correction;Typo Correction; Typo Correction;Neighbor; Typo Correction;Typo Correction; Neighbor;Typo Correction; Neighbor;Typo Correction; Neighbor;Neighbor; Neighbor;Neighbor; Neighbor;Typo Correction; Typo Correction;Neighbor; Typo Correction;Neighbor; Neighbor;Neighbor; Typo Correction;Typo Correction; Typo Correction;Neighbor; Neighbor;Neighbor; Neighbor;Typo Correction; Neighbor;Typo Correction; Typo Correction;Neighbor; Neighbor;Typo Correction; 
2013-08-22 12:37:46,937 INFO  DataCollectionLogger - Sando.UI.View.SearchManager: Sando returned results: NumberOfResults=40, MaxNumberOfResultsPossible=40
2013-08-22 12:37:46,938 INFO  DataCollectionLogger - Sando.UI.View.SearchManager: Post retrieval metrics: AvgScore=0.0689477580599487, StdDevScore=0.0237370951206364
2013-08-22 12:55:13,563 INFO  DataCollectionLogger - Sando.UI.View.SearchManager: Pre retrieval metrics: MaxIDF=10.0671782951926, AvgIDF=10.0671782951926, AvgSQC=10.0671782951926, AvgVAR=0
2013-08-22 12:55:13,565 INFO  DataCollectionLogger - Sando.UI.View.SearchManager: Query submitted by user: QueryDescription=Acronym ; DiceCoefficientToPreviousQuery=0
2013-08-22 12:55:14,837 INFO  DataCollectionLogger - Post-search recommendation: Add search terms automatically.Typo Correction; 
2013-08-22 12:55:14,838 INFO  DataCollectionLogger - Post-search recommendation: Created links.Typo Correction; Typo Correction;Typo Correction; Typo Correction; Typo Correction;Typo Correction; Typo Correction; Typo Correction; Neighbor; Typo Correction;Typo Correction; Neighbor; Typo Correction;Typo Correction; Typo Correction;Typo Correction; Typo Correction;Typo Correction; Neighbor;Typo Correction; Typo Correction;Typo Correction; Typo Correction;Typo Correction; Typo Correction;Typo Correction; Neighbor; Typo Correction;Typo Correction; Neighbor;Typo Correction; Typo Correction;Typo Correction; Typo Correction;Typo Correction; Typo Correction;Typo Correction; Neighbor;Typo Correction; Typo Correction;Typo Correction; Neighbor;Typo Correction; Neighbor; Typo Correction;Typo Correction; Typo Correction;Typo Correction; Typo Correction;Neighbor; Neighbor;Typo Correction; Neighbor;Typo Correction; Typo Correction;Neighbor; Typo Correction;Neighbor; Typo Correction;Neighbor; Typo Correction;Typo Correction; Typo Correction;Typo Correction; Neighbor;Typo Correction; Neighbor;Typo Correction; Typo Correction;Typo Correction; Typo Correction;Typo Correction; Typo Correction;Typo Correction; Typo Correction;Typo Correction; Neighbor;Typo Correction; Typo Correction;Neighbor; Neighbor;Typo Correction; Neighbor;Typo Correction; Neighbor;Typo Correction; Neighbor;Typo Correction; Typo Correction;Neighbor; Neighbor;Typo Correction; Neighbor;Typo Correction; Neighbor;Typo Correction; Typo Correction;Neighbor; Typo Correction;Neighbor; Neighbor;Typo Correction; Typo Correction;Neighbor; Typo Correction;Neighbor; Typo Correction;Neighbor; Neighbor;Neighbor; Neighbor;Neighbor; Neighbor;Neighbor; Neighbor;Typo Correction; Neighbor;Neighbor; Typo Correction;Neighbor; Typo Correction;Neighbor; Neighbor;Neighbor; Neighbor;Neighbor; Neighbor;Typo Correction; Neighbor;Typo Correction; Neighbor;Neighbor; Typo Correction;Neighbor; Typo Correction;Neighbor; Neighbor;Neighbor; Neighbor;Neighbor; 
2013-08-22 12:55:15,023 INFO  DataCollectionLogger - Sando.UI.View.SearchManager: Sando returned results: NumberOfResults=40, MaxNumberOfResultsPossible=40
2013-08-22 12:55:15,024 INFO  DataCollectionLogger - Sando.UI.View.SearchManager: Post retrieval metrics: AvgScore=0.0808190328069031, StdDevScore=0.0211512643491807
2013-08-22 12:55:19,099 INFO  DataCollectionLogger - Sando.UI.View.SearchManager: Pre retrieval metrics: MaxIDF=10.0671782951926, AvgIDF=10.0671782951926, AvgSQC=10.0671782951926, AvgVAR=0
2013-08-22 12:55:19,113 INFO  DataCollectionLogger - Sando.UI.View.SearchManager: Query submitted by user: QueryDescription=QuotedAcronym ; DiceCoefficientToPreviousQuery=0
2013-08-22 12:55:19,805 INFO  DataCollectionLogger - Sando.UI.View.SearchManager: Sando returned results: NumberOfResults=3, MaxNumberOfResultsPossible=40
2013-08-22 12:55:19,807 INFO  DataCollectionLogger - Sando.UI.View.SearchManager: Post retrieval metrics: AvgScore=0.0419865287840366, StdDevScore=0
2013-08-22 12:55:21,929 INFO  DataCollectionLogger - Sando.UI.View.SearchViewControl: User single-clicked a result: SingleClickedResultRank=1
2013-08-22 12:55:23,946 INFO  DataCollectionLogger - FileOpener: User double-clicked a result: TypeOfResult=Method, QueryToResultSimilarityDescription=QueryNotInNameOrRawSource, ResultLanguage=C++, ResultLuceneScore=0.0419865287840366, DoubleClickedResultRank=1
2013-08-22 12:55:25,334 INFO  DataCollectionLogger - Sando.UI.View.SearchViewControl: User single-clicked a result: SingleClickedResultRank=0
2013-08-22 12:55:38,810 INFO  DataCollectionLogger - Sando.UI.View.SearchViewControl: User single-clicked a result: SingleClickedResultRank=1
2013-08-22 12:55:38,985 INFO  DataCollectionLogger - FileOpener: User double-clicked a result: TypeOfResult=Method, QueryToResultSimilarityDescription=QueryNotInNameOrRawSource, ResultLanguage=C++, ResultLuceneScore=0.0419865287840366, DoubleClickedResultRank=1
2013-08-22 12:55:39,476 INFO  DataCollectionLogger - Sando.UI.View.SearchViewControl: User single-clicked a result: SingleClickedResultRank=0
2013-08-22 12:55:43,079 INFO  DataCollectionLogger - Sando.UI.View.SearchViewControl: User single-clicked a result: SingleClickedResultRank=2
2013-08-22 12:55:43,232 INFO  DataCollectionLogger - FileOpener: User double-clicked a result: TypeOfResult=Method, QueryToResultSimilarityDescription=QueryNotInNameOrRawSource, ResultLanguage=C++, ResultLuceneScore=0.0419865287840366, DoubleClickedResultRank=2
2013-08-22 12:55:43,928 INFO  DataCollectionLogger - Sando.UI.View.SearchViewControl: User single-clicked a result: SingleClickedResultRank=0
2013-08-22 12:55:48,153 INFO  DataCollectionLogger - Sando.UI.View.SearchViewControl: User single-clicked a result: SingleClickedResultRank=3
2013-08-22 12:55:48,321 INFO  DataCollectionLogger - FileOpener: User double-clicked a result: TypeOfResult=Method, QueryToResultSimilarityDescription=QueryNotInNameOrRawSource, ResultLanguage=C++, ResultLuceneScore=0.0419865287840366, DoubleClickedResultRank=3
2013-08-22 12:55:49,790 INFO  DataCollectionLogger - Sando.UI.View.SearchViewControl: User single-clicked a result: SingleClickedResultRank=0
