2013-09-05 08:52:51,977 INFO  DataCollectionLogger - Sando.UI.UIPackage: Solution opened: SolutionHash=1722615604
2013-09-05 14:37:02,470 INFO  DataCollectionLogger - Sando.UI.UIPackage: Solution opened: SolutionHash=1722615604
2013-09-05 18:09:36,398 INFO  DataCollectionLogger - Sando.UI.UIPackage: Solution opened: SolutionHash=1722615604
2013-09-05 18:43:16,748 INFO  DataCollectionLogger - Sando.UI.View.SearchManager: Pre retrieval metrics: MaxIDF=7.44132038971762, AvgIDF=7.44132038971762, AvgSQC=22.9151111330456, AvgVAR=0
2013-09-05 18:43:16,761 INFO  DataCollectionLogger - Sando.UI.View.SearchManager: Query submitted by user: QueryDescription=Camelcase ; DiceCoefficientToPreviousQuery=0
2013-09-05 18:43:17,244 INFO  DataCollectionLogger - Sando.UI.View.SearchManager: Sando returned results: NumberOfResults=40, MaxNumberOfResultsPossible=40
2013-09-05 18:43:17,245 INFO  DataCollectionLogger - Sando.UI.View.SearchManager: Post retrieval metrics: AvgScore=0.39639547765255, StdDevScore=0.292562786146638
2013-09-05 18:43:19,236 INFO  DataCollectionLogger - Sando.UI.View.SearchViewControl: User single-clicked a result: SingleClickedResultRank=2
2013-09-05 18:43:23,357 INFO  DataCollectionLogger - Sando.UI.View.SearchViewControl: User single-clicked a result: SingleClickedResultRank=0
2013-09-05 18:43:24,942 INFO  DataCollectionLogger - Sando.UI.View.SearchViewControl: User single-clicked a result: SingleClickedResultRank=2
2013-09-05 18:43:25,188 INFO  DataCollectionLogger - FileOpener: User double-clicked a result: TypeOfResult=MethodPrototype, QueryToResultSimilarityDescription=NameContainsQuery, ResultLanguage=C++, ResultLuceneScore=1.13264048099518, DoubleClickedResultRank=2
2013-09-05 18:43:25,792 INFO  DataCollectionLogger - Sando.UI.View.SearchViewControl: User single-clicked a result: SingleClickedResultRank=0
2013-09-05 19:01:49,957 INFO  DataCollectionLogger - Sando.UI.View.SearchManager: Pre retrieval metrics: MaxIDF=4.91998092582813, AvgIDF=4.91998092582813, AvgSQC=31.4565255749029, AvgVAR=0.00539748804410153
2013-09-05 19:01:49,960 INFO  DataCollectionLogger - Sando.UI.View.SearchManager: Query submitted by user: QueryDescription=Plain ; DiceCoefficientToPreviousQuery=0
2013-09-05 19:01:50,089 INFO  DataCollectionLogger - Sando.UI.View.SearchManager: Sando returned results: NumberOfResults=40, MaxNumberOfResultsPossible=40
2013-09-05 19:01:50,090 INFO  DataCollectionLogger - Sando.UI.View.SearchManager: Post retrieval metrics: AvgScore=0.817096866667271, StdDevScore=0.198938855009357
2013-09-05 19:02:11,703 INFO  DataCollectionLogger - Sando.UI.View.SearchManager: Pre retrieval metrics: MaxIDF=4.91998092582813, AvgIDF=4.91998092582813, AvgSQC=31.4565255749029, AvgVAR=0.00539748804410153
2013-09-05 19:02:11,704 INFO  DataCollectionLogger - Sando.UI.View.SearchManager: Query submitted by user: QueryDescription=Camelcase ; DiceCoefficientToPreviousQuery=0
2013-09-05 19:02:11,818 INFO  DataCollectionLogger - Sando.UI.View.SearchManager: Sando returned results: NumberOfResults=40, MaxNumberOfResultsPossible=40
2013-09-05 19:02:11,818 INFO  DataCollectionLogger - Sando.UI.View.SearchManager: Post retrieval metrics: AvgScore=0.817096866667271, StdDevScore=0.198938855009357
2013-09-05 19:02:20,689 INFO  DataCollectionLogger - Sando.UI.View.SearchViewControl: User single-clicked a result: SingleClickedResultRank=1
2013-09-05 19:02:21,470 INFO  DataCollectionLogger - Sando.UI.View.SearchViewControl: User single-clicked a result: SingleClickedResultRank=2
2013-09-05 19:02:21,962 INFO  DataCollectionLogger - Sando.UI.View.SearchViewControl: User single-clicked a result: SingleClickedResultRank=3
2013-09-05 19:02:22,419 INFO  DataCollectionLogger - Sando.UI.View.SearchViewControl: User single-clicked a result: SingleClickedResultRank=7
2013-09-05 19:02:23,577 INFO  DataCollectionLogger - Sando.UI.View.SearchViewControl: User single-clicked a result: SingleClickedResultRank=36
2013-09-05 19:02:24,480 INFO  DataCollectionLogger - Sando.UI.View.SearchViewControl: User single-clicked a result: SingleClickedResultRank=39
2013-09-05 19:02:25,737 INFO  DataCollectionLogger - Sando.UI.View.SearchViewControl: User single-clicked a result: SingleClickedResultRank=0
2013-09-05 19:02:30,226 INFO  DataCollectionLogger - Sando.UI.View.SearchManager: Pre retrieval metrics: MaxIDF=4.91998092582813, AvgIDF=3.26470941913111, AvgSQC=23.133013171663, AvgVAR=0.00276187442329289
2013-09-05 19:02:30,227 INFO  DataCollectionLogger - Sando.UI.View.SearchManager: Query submitted by user: QueryDescription=AcronymUnderscore ; DiceCoefficientToPreviousQuery=0
2013-09-05 19:02:30,289 INFO  DataCollectionLogger - Post-search recommendation: Add search terms automatically.Typo Correction; 
2013-09-05 19:02:30,292 INFO  DataCollectionLogger - Post-search recommendation: Created links.Typo Correction; Typo Correction; Neighbor; Typo Correction; Neighbor; Typo Correction; Neighbor; 
2013-09-05 19:02:30,682 INFO  DataCollectionLogger - Sando.UI.View.SearchManager: Sando returned results: NumberOfResults=40, MaxNumberOfResultsPossible=40
2013-09-05 19:02:30,684 INFO  DataCollectionLogger - Sando.UI.View.SearchManager: Post retrieval metrics: AvgScore=0.0762233333662152, StdDevScore=0.0271290382950603
2013-09-05 19:02:32,007 INFO  DataCollectionLogger - Sando.UI.View.SearchViewControl: User single-clicked a result: SingleClickedResultRank=3
2013-09-05 19:02:32,484 INFO  DataCollectionLogger - Sando.UI.View.SearchViewControl: User single-clicked a result: SingleClickedResultRank=0
