2013-08-22 11:55:25,978 INFO  DataCollectionLogger - Sando.UI.UIPackage: Solution opened: SolutionHash=1794717650
2013-08-22 11:55:51,984 INFO  DataCollectionLogger - Sando.UI.View.SearchManager: Pre retrieval metrics: MaxIDF=5.51745289646471, AvgIDF=3.70303360421866, AvgSQC=17.3216971902634, AvgVAR=0.0491727359941565
2013-08-22 11:55:52,035 INFO  DataCollectionLogger - Sando.UI.View.SearchManager: Query submitted by user: QueryDescription=Underscore ; DiceCoefficientToPreviousQuery=0
2013-08-22 11:55:52,868 INFO  DataCollectionLogger - Post-search recommendation: Add search terms automatically.Neighbor; 
2013-08-22 11:55:52,881 INFO  DataCollectionLogger - Post-search recommendation: Created links.Typo Correction; Typo Correction; Typo Correction; Neighbor; Typo Correction; Neighbor; Neighbor; 
2013-08-22 11:55:56,997 INFO  DataCollectionLogger - Sando.UI.View.SearchManager: Sando returned results: NumberOfResults=40, MaxNumberOfResultsPossible=40
2013-08-22 11:55:56,998 INFO  DataCollectionLogger - Sando.UI.View.SearchManager: Post retrieval metrics: AvgScore=0.0377123148180544, StdDevScore=0.0190716339949163
2013-08-22 11:56:36,394 INFO  DataCollectionLogger - Sando.UI.View.SearchViewControl: User single-clicked a result: SingleClickedResultRank=1
2013-08-22 11:56:43,860 INFO  DataCollectionLogger - Sando.UI.View.SearchViewControl: User single-clicked a result: SingleClickedResultRank=13
2013-08-22 11:56:50,626 INFO  DataCollectionLogger - Sando.UI.View.SearchViewControl: User single-clicked a result: SingleClickedResultRank=15
2013-08-22 11:56:57,332 INFO  DataCollectionLogger - Sando.UI.View.SearchViewControl: User single-clicked a result: SingleClickedResultRank=0
2013-08-22 11:57:15,007 INFO  DataCollectionLogger - Sando.UI.View.SearchManager: Pre retrieval metrics: MaxIDF=2.484906649788, AvgIDF=1.242453324894, AvgSQC=9.63618088422889, AvgVAR=3.76612361170798E-05
2013-08-22 11:57:15,032 INFO  DataCollectionLogger - Sando.UI.View.SearchManager: Query submitted by user: QueryDescription=Underscore ; DiceCoefficientToPreviousQuery=0
2013-08-22 11:57:15,993 INFO  DataCollectionLogger - Post-search recommendation: Add search terms automatically.Typo Correction;Typo Correction; 
2013-08-22 11:57:15,994 INFO  DataCollectionLogger - Post-search recommendation: Created links.Typo Correction;Typo Correction; Typo Correction; Neighbor; Neighbor; Typo Correction;Typo Correction; Typo Correction;Typo Correction; Neighbor;Typo Correction; Typo Correction;Typo Correction; Typo Correction;Typo Correction; Typo Correction;Typo Correction; Neighbor;Typo Correction; Typo Correction;Typo Correction; Typo Correction;Neighbor; Typo Correction;Neighbor; Typo Correction;Neighbor; Typo Correction;Typo Correction; Typo Correction;Typo Correction; Neighbor; Neighbor;Typo Correction; Neighbor;Typo Correction; Neighbor;Typo Correction; Typo Correction;Typo Correction; Typo Correction;Typo Correction; Typo Correction;Typo Correction; Typo Correction;Typo Correction; Typo Correction;Typo Correction; Typo Correction;Typo Correction; Neighbor;Typo Correction; Neighbor;Typo Correction; Typo Correction;Neighbor; Typo Correction;Neighbor; Typo Correction;Typo Correction; Typo Correction;Typo Correction; Neighbor;Typo Correction; Typo Correction;Neighbor; Typo Correction;Neighbor; Typo Correction;Typo Correction; Neighbor;Neighbor; Typo Correction;Neighbor; Typo Correction;Neighbor; Typo Correction;Neighbor; Neighbor;Typo Correction; Neighbor;Typo Correction; Neighbor;Neighbor; Typo Correction;Neighbor; Neighbor;Typo Correction; Neighbor;Neighbor; Neighbor;Typo Correction; Typo Correction;Neighbor; Neighbor;Neighbor; Neighbor;Neighbor; Neighbor;Neighbor; Neighbor;Typo Correction; Neighbor;Typo Correction; Neighbor;Typo Correction; 
2013-08-22 11:57:20,175 INFO  DataCollectionLogger - Sando.UI.View.SearchManager: Sando returned results: NumberOfResults=40, MaxNumberOfResultsPossible=40
2013-08-22 11:57:20,176 INFO  DataCollectionLogger - Sando.UI.View.SearchManager: Post retrieval metrics: AvgScore=0.0501392565201968, StdDevScore=0.0265520983484139
2013-08-22 11:57:27,026 INFO  DataCollectionLogger - Sando.UI.View.SearchViewControl: User single-clicked a result: SingleClickedResultRank=1
2013-08-22 11:57:34,359 INFO  DataCollectionLogger - Sando.UI.View.SearchViewControl: User single-clicked a result: SingleClickedResultRank=2
2013-08-22 11:57:35,611 INFO  DataCollectionLogger - Sando.UI.View.SearchViewControl: User single-clicked a result: SingleClickedResultRank=0
2013-08-22 11:57:43,270 INFO  DataCollectionLogger - Sando.UI.View.SearchManager: Pre retrieval metrics: MaxIDF=3.04452243772342, AvgIDF=1.84314302917047, AvgSQC=13.7777654673686, AvgVAR=0.000679820546236021
2013-08-22 11:57:43,275 INFO  DataCollectionLogger - Sando.UI.View.SearchManager: Query submitted by user: QueryDescription=Plain,CamelcaseUnderscore ; DiceCoefficientToPreviousQuery=0
2013-08-22 11:57:43,783 INFO  DataCollectionLogger - Post-search recommendation: Add search terms automatically.Typo Correction;Typo Correction; 
2013-08-22 11:57:43,784 INFO  DataCollectionLogger - Post-search recommendation: Created links.Typo Correction;Typo Correction; Typo Correction; Typo Correction;Typo Correction; Typo Correction;Typo Correction; Typo Correction;Typo Correction; Typo Correction;Typo Correction; Typo Correction;Typo Correction; Neighbor; Neighbor; Typo Correction;Typo Correction; Neighbor;Typo Correction; Neighbor;Typo Correction; Typo Correction;Neighbor; Typo Correction;Neighbor; Typo Correction;Typo Correction; Typo Correction;Typo Correction; Neighbor;Typo Correction; Typo Correction;Typo Correction; Typo Correction;Typo Correction; Typo Correction;Typo Correction; Typo Correction;Typo Correction; Neighbor;Typo Correction; Typo Correction;Typo Correction; Typo Correction;Typo Correction; Typo Correction;Typo Correction; Typo Correction;Typo Correction; Typo Correction;Typo Correction; Neighbor;Typo Correction; Neighbor;Typo Correction; Typo Correction;Neighbor; Typo Correction;Neighbor; Typo Correction;Neighbor; Typo Correction;Neighbor; Neighbor;Typo Correction; Typo Correction;Neighbor; Neighbor;Typo Correction; Neighbor;Typo Correction; Neighbor;Neighbor; Typo Correction;Neighbor; Neighbor;Typo Correction; Neighbor;Neighbor; 
2013-08-22 11:57:44,029 INFO  DataCollectionLogger - Sando.UI.View.SearchManager: Sando returned results: NumberOfResults=40, MaxNumberOfResultsPossible=40
2013-08-22 11:57:44,030 INFO  DataCollectionLogger - Sando.UI.View.SearchManager: Post retrieval metrics: AvgScore=0.0473930039443076, StdDevScore=0.0225768691338927
2013-08-22 11:57:53,746 INFO  DataCollectionLogger - Sando.UI.View.SearchViewControl: User single-clicked a result: SingleClickedResultRank=1
2013-08-22 11:57:55,865 INFO  DataCollectionLogger - Sando.UI.View.SearchViewControl: User single-clicked a result: SingleClickedResultRank=0
2013-08-22 11:58:29,647 INFO  DataCollectionLogger - TagCloud: Render a tag cloud.
2013-08-22 11:58:40,207 INFO  DataCollectionLogger - TagCloud: Select a tag.

2013-08-22 11:58:40,930 INFO  DataCollectionLogger - Sando.UI.View.SearchManager: Pre retrieval metrics: MaxIDF=6.01126717440416, AvgIDF=2.90518474239728, AvgSQC=17.9293344961738, AvgVAR=0.00740611252984867
2013-08-22 11:58:40,931 INFO  DataCollectionLogger - Sando.UI.View.SearchManager: Query submitted by user: QueryDescription=Plain,CamelcaseUnderscore,Plain ; DiceCoefficientToPreviousQuery=0.8
2013-08-22 11:58:41,261 INFO  DataCollectionLogger - Post-search recommendation: Add search terms automatically.Typo Correction;Typo Correction; 
2013-08-22 11:58:41,262 INFO  DataCollectionLogger - Post-search recommendation: Created links.Typo Correction;Typo Correction; Typo Correction; Typo Correction;Typo Correction; Typo Correction;Typo Correction; Typo Correction;Typo Correction; Typo Correction;Typo Correction; Typo Correction;Typo Correction; Neighbor; Neighbor; Typo Correction;Typo Correction; Neighbor;Typo Correction; Neighbor;Typo Correction; Typo Correction;Neighbor; Typo Correction;Neighbor; Typo Correction;Typo Correction; Typo Correction;Typo Correction; Neighbor;Typo Correction; Typo Correction;Typo Correction; Typo Correction;Typo Correction; Typo Correction;Typo Correction; Typo Correction;Typo Correction; Neighbor;Typo Correction; Typo Correction;Typo Correction; Typo Correction;Typo Correction; Typo Correction;Typo Correction; Typo Correction;Typo Correction; Typo Correction;Typo Correction; Neighbor;Typo Correction; Neighbor;Typo Correction; Typo Correction;Neighbor; Typo Correction;Neighbor; Typo Correction;Neighbor; Typo Correction;Neighbor; Neighbor;Typo Correction; Typo Correction;Neighbor; Neighbor;Typo Correction; Neighbor;Typo Correction; Neighbor;Neighbor; Typo Correction;Neighbor; Neighbor;Typo Correction; Neighbor;Neighbor; 
2013-08-22 11:58:41,506 INFO  DataCollectionLogger - Sando.UI.View.SearchManager: Sando returned results: NumberOfResults=40, MaxNumberOfResultsPossible=40
2013-08-22 11:58:41,507 INFO  DataCollectionLogger - Sando.UI.View.SearchManager: Post retrieval metrics: AvgScore=0.0449483123142272, StdDevScore=0.0181578362419582
