2013-09-05 10:10:54,411 INFO  DataCollectionLogger - Sando.UI.UIPackage: Solution opened: SolutionHash=658261531
2013-09-05 10:11:31,009 INFO  DataCollectionLogger - Sando.UI.View.SearchManager: Pre retrieval metrics: MaxIDF=0, AvgIDF=0, AvgSQC=0, AvgVAR=0
2013-09-05 10:11:31,021 INFO  DataCollectionLogger - Sando.UI.View.SearchManager: Query submitted by user: QueryDescription=Plain ; DiceCoefficientToPreviousQuery=0
2013-09-05 10:11:31,142 INFO  DataCollectionLogger - Sando.UI.View.SearchManager: Sando returned results: NumberOfResults=0, MaxNumberOfResultsPossible=40
2013-09-05 10:11:31,144 INFO  DataCollectionLogger - Sando.UI.View.SearchManager: Post retrieval metrics: AvgScore=NaN, StdDevScore=NaN
2013-09-05 10:11:32,326 INFO  DataCollectionLogger - Sando.UI.View.SearchManager: Pre retrieval metrics: MaxIDF=0, AvgIDF=0, AvgSQC=0, AvgVAR=0
2013-09-05 10:11:32,332 INFO  DataCollectionLogger - Sando.UI.View.SearchManager: Query submitted by user: QueryDescription=Plain ; DiceCoefficientToPreviousQuery=1
2013-09-05 10:11:32,352 INFO  DataCollectionLogger - Sando.UI.View.SearchManager: Sando returned results: NumberOfResults=0, MaxNumberOfResultsPossible=40
2013-09-05 10:11:32,355 INFO  DataCollectionLogger - Sando.UI.View.SearchManager: Post retrieval metrics: AvgScore=NaN, StdDevScore=NaN
2013-09-05 10:11:32,510 INFO  DataCollectionLogger - Sando.UI.View.SearchManager: Pre retrieval metrics: MaxIDF=0, AvgIDF=0, AvgSQC=0, AvgVAR=0
2013-09-05 10:11:32,515 INFO  DataCollectionLogger - Sando.UI.View.SearchManager: Query submitted by user: QueryDescription=Plain ; DiceCoefficientToPreviousQuery=1
2013-09-05 10:11:32,536 INFO  DataCollectionLogger - Sando.UI.View.SearchManager: Sando returned results: NumberOfResults=0, MaxNumberOfResultsPossible=40
2013-09-05 10:11:32,539 INFO  DataCollectionLogger - Sando.UI.View.SearchManager: Post retrieval metrics: AvgScore=NaN, StdDevScore=NaN
2013-09-05 10:11:32,654 INFO  DataCollectionLogger - Sando.UI.View.SearchManager: Pre retrieval metrics: MaxIDF=0, AvgIDF=0, AvgSQC=0, AvgVAR=0
2013-09-05 10:11:32,660 INFO  DataCollectionLogger - Sando.UI.View.SearchManager: Query submitted by user: QueryDescription=Plain ; DiceCoefficientToPreviousQuery=1
2013-09-05 10:11:32,675 INFO  DataCollectionLogger - Sando.UI.View.SearchManager: Sando returned results: NumberOfResults=0, MaxNumberOfResultsPossible=40
2013-09-05 10:11:32,691 INFO  DataCollectionLogger - Sando.UI.View.SearchManager: Post retrieval metrics: AvgScore=NaN, StdDevScore=NaN
2013-09-05 10:11:35,886 INFO  DataCollectionLogger - TagCloud: Render a tag cloud.
2013-09-05 10:11:38,013 INFO  DataCollectionLogger - TagCloud: Render a tag cloud.
2013-09-05 10:12:07,707 INFO  DataCollectionLogger - Sando.UI.View.SearchManager: Pre retrieval metrics: MaxIDF=0, AvgIDF=0, AvgSQC=0, AvgVAR=0
2013-09-05 10:12:07,713 INFO  DataCollectionLogger - Sando.UI.View.SearchManager: Query submitted by user: QueryDescription=Plain ; DiceCoefficientToPreviousQuery=1
2013-09-05 10:12:07,738 INFO  DataCollectionLogger - Sando.UI.View.SearchManager: Sando returned results: NumberOfResults=0, MaxNumberOfResultsPossible=40
2013-09-05 10:12:07,743 INFO  DataCollectionLogger - Sando.UI.View.SearchManager: Post retrieval metrics: AvgScore=NaN, StdDevScore=NaN
2013-09-05 10:12:09,020 INFO  DataCollectionLogger - Sando.UI.View.SearchManager: Pre retrieval metrics: MaxIDF=0, AvgIDF=0, AvgSQC=0, AvgVAR=0
2013-09-05 10:12:09,028 INFO  DataCollectionLogger - Sando.UI.View.SearchManager: Query submitted by user: QueryDescription=Plain ; DiceCoefficientToPreviousQuery=1
2013-09-05 10:12:09,046 INFO  DataCollectionLogger - Sando.UI.View.SearchManager: Sando returned results: NumberOfResults=0, MaxNumberOfResultsPossible=40
2013-09-05 10:12:09,050 INFO  DataCollectionLogger - Sando.UI.View.SearchManager: Post retrieval metrics: AvgScore=NaN, StdDevScore=NaN
2013-09-05 10:12:25,790 INFO  DataCollectionLogger - Sando.UI.View.SearchManager: Pre retrieval metrics: MaxIDF=0, AvgIDF=0, AvgSQC=0, AvgVAR=0
2013-09-05 10:12:25,796 INFO  DataCollectionLogger - Sando.UI.View.SearchManager: Query submitted by user: QueryDescription=Plain ; DiceCoefficientToPreviousQuery=0
2013-09-05 10:12:25,836 INFO  DataCollectionLogger - Sando.UI.View.SearchManager: Sando returned results: NumberOfResults=0, MaxNumberOfResultsPossible=40
2013-09-05 10:12:25,842 INFO  DataCollectionLogger - Sando.UI.View.SearchManager: Post retrieval metrics: AvgScore=NaN, StdDevScore=NaN
2013-09-05 10:12:32,285 INFO  DataCollectionLogger - TagCloud: Render a tag cloud.
2013-09-05 10:12:32,427 INFO  DataCollectionLogger - TagCloud: Render a tag cloud.
2013-09-05 10:12:32,580 INFO  DataCollectionLogger - TagCloud: Render a tag cloud.
2013-09-05 10:12:33,276 INFO  DataCollectionLogger - TagCloud: Render a tag cloud.
2013-09-05 10:12:33,431 INFO  DataCollectionLogger - TagCloud: Render a tag cloud.
2013-09-05 10:12:33,596 INFO  DataCollectionLogger - TagCloud: Render a tag cloud.
2013-09-05 10:12:34,333 INFO  DataCollectionLogger - TagCloud: Render a tag cloud.
2013-09-05 10:12:35,325 INFO  DataCollectionLogger - TagCloud: Render a tag cloud.
