2013-08-29 16:12:59,399 INFO  DataCollectionLogger - Sando.UI.UIPackage: Solution opened: SolutionHash=-1138213827
2013-08-29 16:13:06,477 INFO  DataCollectionLogger - Pre-search recommendation: Identifier
2013-08-29 16:13:06,478 INFO  DataCollectionLogger - Sando.UI.View.SearchViewControl: Recommendation item selected: SelectedRecommendationRank=1
2013-08-29 16:13:06,856 INFO  DataCollectionLogger - Sando.UI.View.SearchManager: Pre retrieval metrics: MaxIDF=2.39789527279837, AvgIDF=2.39789527279837, AvgSQC=8.72607836812669, AvgVAR=0
2013-08-29 16:13:06,865 INFO  DataCollectionLogger - Sando.UI.View.SearchManager: Query submitted by user: QueryDescription=Plain ; DiceCoefficientToPreviousQuery=0
2013-08-29 16:13:07,375 INFO  DataCollectionLogger - Sando.UI.View.SearchManager: Sando returned results: NumberOfResults=26, MaxNumberOfResultsPossible=40
2013-08-29 16:13:07,375 INFO  DataCollectionLogger - Sando.UI.View.SearchManager: Post retrieval metrics: AvgScore=0.189936445309566, StdDevScore=0.187982584920023
2013-08-29 16:13:09,375 INFO  DataCollectionLogger - Sando.UI.View.SearchViewControl: User single-clicked a result: SingleClickedResultRank=1
2013-08-29 16:13:10,213 INFO  DataCollectionLogger - Sando.UI.View.SearchViewControl: User single-clicked a result: SingleClickedResultRank=0
2013-08-29 16:13:10,229 INFO  DataCollectionLogger - Sando.UI.View.SearchViewControl: User single-clicked a result: SingleClickedResultRank=2
2013-08-29 16:13:10,468 INFO  DataCollectionLogger - Sando.UI.View.SearchViewControl: User single-clicked a result: SingleClickedResultRank=0
2013-08-29 16:13:10,488 INFO  DataCollectionLogger - Sando.UI.View.SearchViewControl: User single-clicked a result: SingleClickedResultRank=3
2013-08-29 16:13:10,692 INFO  DataCollectionLogger - Sando.UI.View.SearchViewControl: User single-clicked a result: SingleClickedResultRank=0
2013-08-29 16:13:10,720 INFO  DataCollectionLogger - Sando.UI.View.SearchViewControl: User single-clicked a result: SingleClickedResultRank=4
2013-08-29 16:13:10,868 INFO  DataCollectionLogger - Sando.UI.View.SearchViewControl: User single-clicked a result: SingleClickedResultRank=0
2013-08-29 16:13:10,903 INFO  DataCollectionLogger - Sando.UI.View.SearchViewControl: User single-clicked a result: SingleClickedResultRank=5
2013-08-29 16:13:11,044 INFO  DataCollectionLogger - Sando.UI.View.SearchViewControl: User single-clicked a result: SingleClickedResultRank=0
2013-08-29 16:13:11,070 INFO  DataCollectionLogger - Sando.UI.View.SearchViewControl: User single-clicked a result: SingleClickedResultRank=6
2013-08-29 16:13:11,276 INFO  DataCollectionLogger - Sando.UI.View.SearchViewControl: User single-clicked a result: SingleClickedResultRank=0
2013-08-29 16:13:11,304 INFO  DataCollectionLogger - Sando.UI.View.SearchViewControl: User single-clicked a result: SingleClickedResultRank=7
2013-08-29 16:13:11,484 INFO  DataCollectionLogger - Sando.UI.View.SearchViewControl: User single-clicked a result: SingleClickedResultRank=0
2013-08-29 16:13:11,504 INFO  DataCollectionLogger - Sando.UI.View.SearchViewControl: User single-clicked a result: SingleClickedResultRank=6
2013-08-29 16:13:11,692 INFO  DataCollectionLogger - Sando.UI.View.SearchViewControl: User single-clicked a result: SingleClickedResultRank=0
2013-08-29 16:13:11,704 INFO  DataCollectionLogger - Sando.UI.View.SearchViewControl: User single-clicked a result: SingleClickedResultRank=5
2013-08-29 16:13:11,868 INFO  DataCollectionLogger - Sando.UI.View.SearchViewControl: User single-clicked a result: SingleClickedResultRank=0
2013-08-29 16:13:11,888 INFO  DataCollectionLogger - Sando.UI.View.SearchViewControl: User single-clicked a result: SingleClickedResultRank=4
2013-08-29 16:13:12,244 INFO  DataCollectionLogger - Sando.UI.View.SearchViewControl: User single-clicked a result: SingleClickedResultRank=0
2013-08-29 16:13:12,252 INFO  DataCollectionLogger - Sando.UI.View.SearchViewControl: User single-clicked a result: SingleClickedResultRank=3
2013-08-29 16:13:12,444 INFO  DataCollectionLogger - Sando.UI.View.SearchViewControl: User single-clicked a result: SingleClickedResultRank=0
2013-08-29 16:13:12,455 INFO  DataCollectionLogger - Sando.UI.View.SearchViewControl: User single-clicked a result: SingleClickedResultRank=2
2013-08-29 16:13:12,628 INFO  DataCollectionLogger - Sando.UI.View.SearchViewControl: User single-clicked a result: SingleClickedResultRank=0
2013-08-29 16:13:12,638 INFO  DataCollectionLogger - Sando.UI.View.SearchViewControl: User single-clicked a result: SingleClickedResultRank=1
2013-08-29 16:13:13,276 INFO  DataCollectionLogger - Sando.UI.View.SearchViewControl: User single-clicked a result: SingleClickedResultRank=0
2013-08-29 16:13:13,284 INFO  DataCollectionLogger - Sando.UI.View.SearchViewControl: User single-clicked a result: SingleClickedResultRank=2
2013-08-29 16:13:13,492 INFO  DataCollectionLogger - Sando.UI.View.SearchViewControl: User single-clicked a result: SingleClickedResultRank=0
2013-08-29 16:13:13,506 INFO  DataCollectionLogger - Sando.UI.View.SearchViewControl: User single-clicked a result: SingleClickedResultRank=3
2013-08-29 16:13:13,956 INFO  DataCollectionLogger - Sando.UI.View.SearchViewControl: User single-clicked a result: SingleClickedResultRank=0
2013-08-29 16:13:13,965 INFO  DataCollectionLogger - Sando.UI.View.SearchViewControl: User single-clicked a result: SingleClickedResultRank=2
2013-08-29 16:13:14,484 INFO  DataCollectionLogger - Sando.UI.View.SearchViewControl: User single-clicked a result: SingleClickedResultRank=0
2013-08-29 16:13:14,492 INFO  DataCollectionLogger - Sando.UI.View.SearchViewControl: User single-clicked a result: SingleClickedResultRank=1
2013-08-29 16:13:15,156 INFO  DataCollectionLogger - Sando.UI.View.SearchViewControl: User single-clicked a result: SingleClickedResultRank=0
2013-08-29 16:13:15,164 INFO  DataCollectionLogger - Sando.UI.View.SearchViewControl: User single-clicked a result: SingleClickedResultRank=2
2013-08-29 16:13:16,004 INFO  DataCollectionLogger - Sando.UI.View.SearchViewControl: User single-clicked a result: SingleClickedResultRank=0
2013-08-29 16:13:16,012 INFO  DataCollectionLogger - Sando.UI.View.SearchViewControl: User single-clicked a result: SingleClickedResultRank=1
2013-08-29 16:13:16,404 INFO  DataCollectionLogger - Sando.UI.View.SearchViewControl: User single-clicked a result: SingleClickedResultRank=0
2013-08-29 16:13:16,413 INFO  DataCollectionLogger - Sando.UI.View.SearchViewControl: User single-clicked a result: SingleClickedResultRank=2
2013-08-29 16:13:16,764 INFO  DataCollectionLogger - Sando.UI.View.SearchViewControl: User single-clicked a result: SingleClickedResultRank=0
2013-08-29 16:13:16,772 INFO  DataCollectionLogger - Sando.UI.View.SearchViewControl: User single-clicked a result: SingleClickedResultRank=1
2013-08-29 16:13:17,100 INFO  DataCollectionLogger - Sando.UI.View.SearchViewControl: User single-clicked a result: SingleClickedResultRank=0
2013-08-29 16:13:17,108 INFO  DataCollectionLogger - Sando.UI.View.SearchViewControl: User single-clicked a result: SingleClickedResultRank=2
2013-08-29 16:13:17,428 INFO  DataCollectionLogger - Sando.UI.View.SearchViewControl: User single-clicked a result: SingleClickedResultRank=0
2013-08-29 16:13:17,435 INFO  DataCollectionLogger - Sando.UI.View.SearchViewControl: User single-clicked a result: SingleClickedResultRank=1
2013-08-29 16:13:21,484 INFO  DataCollectionLogger - Sando.UI.View.SearchViewControl: User single-clicked a result: SingleClickedResultRank=0
2013-08-29 16:13:21,494 INFO  DataCollectionLogger - Sando.UI.View.SearchViewControl: User single-clicked a result: SingleClickedResultRank=2
2013-08-29 16:13:21,828 INFO  DataCollectionLogger - Sando.UI.View.SearchViewControl: User single-clicked a result: SingleClickedResultRank=0
2013-08-29 16:13:21,838 INFO  DataCollectionLogger - Sando.UI.View.SearchViewControl: User single-clicked a result: SingleClickedResultRank=3
2013-08-29 16:13:22,052 INFO  DataCollectionLogger - Sando.UI.View.SearchViewControl: User single-clicked a result: SingleClickedResultRank=0
2013-08-29 16:13:22,064 INFO  DataCollectionLogger - Sando.UI.View.SearchViewControl: User single-clicked a result: SingleClickedResultRank=4
2013-08-29 16:13:24,412 INFO  DataCollectionLogger - Sando.UI.View.SearchViewControl: User single-clicked a result: SingleClickedResultRank=0
2013-08-29 16:13:24,421 INFO  DataCollectionLogger - Sando.UI.View.SearchViewControl: User single-clicked a result: SingleClickedResultRank=5
2013-08-29 16:13:24,940 INFO  DataCollectionLogger - Sando.UI.View.SearchViewControl: User single-clicked a result: SingleClickedResultRank=0
2013-08-29 16:13:24,949 INFO  DataCollectionLogger - Sando.UI.View.SearchViewControl: User single-clicked a result: SingleClickedResultRank=6
2013-08-29 16:13:25,724 INFO  DataCollectionLogger - Sando.UI.View.SearchViewControl: User single-clicked a result: SingleClickedResultRank=0
2013-08-29 16:13:25,733 INFO  DataCollectionLogger - Sando.UI.View.SearchViewControl: User single-clicked a result: SingleClickedResultRank=7
2013-08-29 16:13:26,308 INFO  DataCollectionLogger - Sando.UI.View.SearchViewControl: User single-clicked a result: SingleClickedResultRank=0
2013-08-29 16:13:26,321 INFO  DataCollectionLogger - Sando.UI.View.SearchViewControl: User single-clicked a result: SingleClickedResultRank=8
2013-08-29 16:13:26,772 INFO  DataCollectionLogger - Sando.UI.View.SearchViewControl: User single-clicked a result: SingleClickedResultRank=0
2013-08-29 16:13:26,785 INFO  DataCollectionLogger - Sando.UI.View.SearchViewControl: User single-clicked a result: SingleClickedResultRank=9
2013-08-29 16:13:27,012 INFO  DataCollectionLogger - Sando.UI.View.SearchViewControl: User single-clicked a result: SingleClickedResultRank=0
2013-08-29 16:13:27,034 INFO  DataCollectionLogger - Sando.UI.View.SearchViewControl: User single-clicked a result: SingleClickedResultRank=10
2013-08-29 16:13:27,572 INFO  DataCollectionLogger - Sando.UI.View.SearchViewControl: User single-clicked a result: SingleClickedResultRank=0
2013-08-29 16:13:27,585 INFO  DataCollectionLogger - Sando.UI.View.SearchViewControl: User single-clicked a result: SingleClickedResultRank=11
2013-08-29 16:13:27,804 INFO  DataCollectionLogger - Sando.UI.View.SearchViewControl: User single-clicked a result: SingleClickedResultRank=0
2013-08-29 16:13:27,818 INFO  DataCollectionLogger - Sando.UI.View.SearchViewControl: User single-clicked a result: SingleClickedResultRank=12
2013-08-29 16:13:27,988 INFO  DataCollectionLogger - Sando.UI.View.SearchViewControl: User single-clicked a result: SingleClickedResultRank=0
2013-08-29 16:13:28,018 INFO  DataCollectionLogger - Sando.UI.View.SearchViewControl: User single-clicked a result: SingleClickedResultRank=13
2013-08-29 16:13:28,718 INFO  DataCollectionLogger - Sando.UI.View.SearchViewControl: User single-clicked a result: SingleClickedResultRank=0
2013-08-29 16:13:28,733 INFO  DataCollectionLogger - Sando.UI.View.SearchViewControl: User single-clicked a result: SingleClickedResultRank=14
2013-08-29 16:13:28,933 INFO  DataCollectionLogger - Sando.UI.View.SearchViewControl: User single-clicked a result: SingleClickedResultRank=0
2013-08-29 16:13:29,036 INFO  DataCollectionLogger - Sando.UI.View.SearchViewControl: User single-clicked a result: SingleClickedResultRank=15
2013-08-29 16:13:29,149 INFO  DataCollectionLogger - Sando.UI.View.SearchViewControl: User single-clicked a result: SingleClickedResultRank=0
2013-08-29 16:13:29,171 INFO  DataCollectionLogger - Sando.UI.View.SearchViewControl: User single-clicked a result: SingleClickedResultRank=16
2013-08-29 16:13:29,853 INFO  DataCollectionLogger - Sando.UI.View.SearchViewControl: User single-clicked a result: SingleClickedResultRank=0
2013-08-29 16:13:29,915 INFO  DataCollectionLogger - Sando.UI.View.SearchViewControl: User single-clicked a result: SingleClickedResultRank=17
2013-08-29 16:13:30,125 INFO  DataCollectionLogger - Sando.UI.View.SearchViewControl: User single-clicked a result: SingleClickedResultRank=0
2013-08-29 16:13:30,187 INFO  DataCollectionLogger - Sando.UI.View.SearchViewControl: User single-clicked a result: SingleClickedResultRank=18
2013-08-29 16:13:30,389 INFO  DataCollectionLogger - Sando.UI.View.SearchViewControl: User single-clicked a result: SingleClickedResultRank=0
2013-08-29 16:13:30,454 INFO  DataCollectionLogger - Sando.UI.View.SearchViewControl: User single-clicked a result: SingleClickedResultRank=19
2013-08-29 16:13:30,757 INFO  DataCollectionLogger - Sando.UI.View.SearchViewControl: User single-clicked a result: SingleClickedResultRank=0
2013-08-29 16:13:30,771 INFO  DataCollectionLogger - Sando.UI.View.SearchViewControl: User single-clicked a result: SingleClickedResultRank=18
2013-08-29 16:13:30,981 INFO  DataCollectionLogger - Sando.UI.View.SearchViewControl: User single-clicked a result: SingleClickedResultRank=0
2013-08-29 16:13:31,005 INFO  DataCollectionLogger - Sando.UI.View.SearchViewControl: User single-clicked a result: SingleClickedResultRank=17
2013-08-29 16:13:31,181 INFO  DataCollectionLogger - Sando.UI.View.SearchViewControl: User single-clicked a result: SingleClickedResultRank=0
2013-08-29 16:13:31,205 INFO  DataCollectionLogger - Sando.UI.View.SearchViewControl: User single-clicked a result: SingleClickedResultRank=16
2013-08-29 16:13:31,661 INFO  DataCollectionLogger - Sando.UI.View.SearchViewControl: User single-clicked a result: SingleClickedResultRank=0
2013-08-29 16:13:31,670 INFO  DataCollectionLogger - Sando.UI.View.SearchViewControl: User single-clicked a result: SingleClickedResultRank=15
2013-08-29 16:13:31,869 INFO  DataCollectionLogger - Sando.UI.View.SearchViewControl: User single-clicked a result: SingleClickedResultRank=0
2013-08-29 16:13:31,889 INFO  DataCollectionLogger - Sando.UI.View.SearchViewControl: User single-clicked a result: SingleClickedResultRank=14
2013-08-29 16:13:32,349 INFO  DataCollectionLogger - Sando.UI.View.SearchViewControl: User single-clicked a result: SingleClickedResultRank=0
2013-08-29 16:13:32,357 INFO  DataCollectionLogger - Sando.UI.View.SearchViewControl: User single-clicked a result: SingleClickedResultRank=13
2013-08-29 16:13:32,527 INFO  DataCollectionLogger - Sando.UI.View.SearchViewControl: User single-clicked a result: SingleClickedResultRank=0
2013-08-29 16:13:32,539 INFO  DataCollectionLogger - Sando.UI.View.SearchViewControl: User single-clicked a result: SingleClickedResultRank=12
2013-08-29 16:13:32,717 INFO  DataCollectionLogger - Sando.UI.View.SearchViewControl: User single-clicked a result: SingleClickedResultRank=0
2013-08-29 16:13:32,739 INFO  DataCollectionLogger - Sando.UI.View.SearchViewControl: User single-clicked a result: SingleClickedResultRank=11
2013-08-29 16:13:32,892 INFO  DataCollectionLogger - Sando.UI.View.SearchViewControl: User single-clicked a result: SingleClickedResultRank=0
2013-08-29 16:13:32,906 INFO  DataCollectionLogger - Sando.UI.View.SearchViewControl: User single-clicked a result: SingleClickedResultRank=10
2013-08-29 16:13:33,392 INFO  DataCollectionLogger - Sando.UI.View.SearchViewControl: User single-clicked a result: SingleClickedResultRank=0
2013-08-29 16:13:33,401 INFO  DataCollectionLogger - Sando.UI.View.SearchViewControl: User single-clicked a result: SingleClickedResultRank=9
2013-08-29 16:13:33,436 INFO  DataCollectionLogger - Sando.UI.View.SearchViewControl: User single-clicked a result: SingleClickedResultRank=0
2013-08-29 16:13:33,457 INFO  DataCollectionLogger - Sando.UI.View.SearchViewControl: User single-clicked a result: SingleClickedResultRank=8
2013-08-29 16:13:33,461 INFO  DataCollectionLogger - Sando.UI.View.SearchViewControl: User single-clicked a result: SingleClickedResultRank=0
2013-08-29 16:13:33,490 INFO  DataCollectionLogger - Sando.UI.View.SearchViewControl: User single-clicked a result: SingleClickedResultRank=7
2013-08-29 16:13:33,495 INFO  DataCollectionLogger - Sando.UI.View.SearchViewControl: User single-clicked a result: SingleClickedResultRank=0
2013-08-29 16:13:33,513 INFO  DataCollectionLogger - Sando.UI.View.SearchViewControl: User single-clicked a result: SingleClickedResultRank=6
2013-08-29 16:13:33,544 INFO  DataCollectionLogger - Sando.UI.View.SearchViewControl: User single-clicked a result: SingleClickedResultRank=0
2013-08-29 16:13:33,557 INFO  DataCollectionLogger - Sando.UI.View.SearchViewControl: User single-clicked a result: SingleClickedResultRank=5
2013-08-29 16:13:33,561 INFO  DataCollectionLogger - Sando.UI.View.SearchViewControl: User single-clicked a result: SingleClickedResultRank=0
2013-08-29 16:13:33,590 INFO  DataCollectionLogger - Sando.UI.View.SearchViewControl: User single-clicked a result: SingleClickedResultRank=4
2013-08-29 16:13:33,594 INFO  DataCollectionLogger - Sando.UI.View.SearchViewControl: User single-clicked a result: SingleClickedResultRank=0
2013-08-29 16:13:33,624 INFO  DataCollectionLogger - Sando.UI.View.SearchViewControl: User single-clicked a result: SingleClickedResultRank=3
2013-08-29 16:13:33,628 INFO  DataCollectionLogger - Sando.UI.View.SearchViewControl: User single-clicked a result: SingleClickedResultRank=0
2013-08-29 16:13:33,657 INFO  DataCollectionLogger - Sando.UI.View.SearchViewControl: User single-clicked a result: SingleClickedResultRank=2
2013-08-29 16:13:33,661 INFO  DataCollectionLogger - Sando.UI.View.SearchViewControl: User single-clicked a result: SingleClickedResultRank=0
2013-08-29 16:13:33,690 INFO  DataCollectionLogger - Sando.UI.View.SearchViewControl: User single-clicked a result: SingleClickedResultRank=1
2013-08-29 16:13:38,640 INFO  DataCollectionLogger - Sando.UI.View.SearchViewControl: User single-clicked a result: SingleClickedResultRank=0
2013-08-29 16:14:44,252 INFO  DataCollectionLogger - Sando.UI.View.SearchViewControl: User single-clicked a result: SingleClickedResultRank=11
2013-08-29 16:14:44,953 INFO  DataCollectionLogger - Sando.UI.View.SearchViewControl: User single-clicked a result: SingleClickedResultRank=10
2013-08-29 16:14:45,620 INFO  DataCollectionLogger - Sando.UI.View.SearchViewControl: User single-clicked a result: SingleClickedResultRank=9
2013-08-29 16:14:46,121 INFO  DataCollectionLogger - Sando.UI.View.SearchViewControl: User single-clicked a result: SingleClickedResultRank=6
2013-08-29 16:14:46,588 INFO  DataCollectionLogger - Sando.UI.View.SearchViewControl: User single-clicked a result: SingleClickedResultRank=3
2013-08-29 16:14:47,089 INFO  DataCollectionLogger - Sando.UI.View.SearchViewControl: User single-clicked a result: SingleClickedResultRank=1
2013-08-29 16:14:48,223 INFO  DataCollectionLogger - Sando.UI.View.SearchViewControl: User single-clicked a result: SingleClickedResultRank=2
2013-08-29 16:14:48,940 INFO  DataCollectionLogger - Sando.UI.View.SearchViewControl: User single-clicked a result: SingleClickedResultRank=3
2013-08-29 16:14:49,523 INFO  DataCollectionLogger - Sando.UI.View.SearchViewControl: User single-clicked a result: SingleClickedResultRank=4
2013-08-29 16:14:50,408 INFO  DataCollectionLogger - Sando.UI.View.SearchViewControl: User single-clicked a result: SingleClickedResultRank=5
2013-08-29 16:14:51,309 INFO  DataCollectionLogger - Sando.UI.View.SearchViewControl: User single-clicked a result: SingleClickedResultRank=6
2013-08-29 16:14:51,810 INFO  DataCollectionLogger - Sando.UI.View.SearchViewControl: User single-clicked a result: SingleClickedResultRank=7
2013-08-29 16:14:51,843 INFO  DataCollectionLogger - Sando.UI.View.SearchViewControl: User single-clicked a result: SingleClickedResultRank=8
2013-08-29 16:14:51,877 INFO  DataCollectionLogger - Sando.UI.View.SearchViewControl: User single-clicked a result: SingleClickedResultRank=9
2013-08-29 16:14:51,910 INFO  DataCollectionLogger - Sando.UI.View.SearchViewControl: User single-clicked a result: SingleClickedResultRank=10
2013-08-29 16:14:51,944 INFO  DataCollectionLogger - Sando.UI.View.SearchViewControl: User single-clicked a result: SingleClickedResultRank=11
2013-08-29 16:14:52,394 INFO  DataCollectionLogger - Sando.UI.View.SearchViewControl: User single-clicked a result: SingleClickedResultRank=12
2013-08-29 16:14:52,560 INFO  DataCollectionLogger - Sando.UI.View.SearchViewControl: User single-clicked a result: SingleClickedResultRank=13
2013-08-29 16:14:52,811 INFO  DataCollectionLogger - Sando.UI.View.SearchViewControl: User single-clicked a result: SingleClickedResultRank=14
2013-08-29 16:14:53,111 INFO  DataCollectionLogger - Sando.UI.View.SearchViewControl: User single-clicked a result: SingleClickedResultRank=15
2013-08-29 16:14:53,561 INFO  DataCollectionLogger - Sando.UI.View.SearchViewControl: User single-clicked a result: SingleClickedResultRank=16
2013-08-29 16:14:53,628 INFO  DataCollectionLogger - Sando.UI.View.SearchViewControl: User single-clicked a result: SingleClickedResultRank=17
2013-08-29 16:14:53,695 INFO  DataCollectionLogger - Sando.UI.View.SearchViewControl: User single-clicked a result: SingleClickedResultRank=18
2013-08-29 16:14:53,778 INFO  DataCollectionLogger - Sando.UI.View.SearchViewControl: User single-clicked a result: SingleClickedResultRank=19
2013-08-29 16:14:53,828 INFO  DataCollectionLogger - Sando.UI.View.SearchViewControl: User single-clicked a result: SingleClickedResultRank=20
2013-08-29 16:14:53,895 INFO  DataCollectionLogger - Sando.UI.View.SearchViewControl: User single-clicked a result: SingleClickedResultRank=21
2013-08-29 16:14:53,961 INFO  DataCollectionLogger - Sando.UI.View.SearchViewControl: User single-clicked a result: SingleClickedResultRank=22
2013-08-29 16:14:54,529 INFO  DataCollectionLogger - Sando.UI.View.SearchViewControl: User single-clicked a result: SingleClickedResultRank=21
2013-08-29 16:14:55,029 INFO  DataCollectionLogger - Sando.UI.View.SearchViewControl: User single-clicked a result: SingleClickedResultRank=20
2013-08-29 16:14:55,063 INFO  DataCollectionLogger - Sando.UI.View.SearchViewControl: User single-clicked a result: SingleClickedResultRank=19
2013-08-29 16:14:55,096 INFO  DataCollectionLogger - Sando.UI.View.SearchViewControl: User single-clicked a result: SingleClickedResultRank=18
2013-08-29 16:14:55,130 INFO  DataCollectionLogger - Sando.UI.View.SearchViewControl: User single-clicked a result: SingleClickedResultRank=17
2013-08-29 16:14:55,163 INFO  DataCollectionLogger - Sando.UI.View.SearchViewControl: User single-clicked a result: SingleClickedResultRank=16
2013-08-29 16:14:55,196 INFO  DataCollectionLogger - Sando.UI.View.SearchViewControl: User single-clicked a result: SingleClickedResultRank=15
2013-08-29 16:14:55,230 INFO  DataCollectionLogger - Sando.UI.View.SearchViewControl: User single-clicked a result: SingleClickedResultRank=14
2013-08-29 16:14:55,263 INFO  DataCollectionLogger - Sando.UI.View.SearchViewControl: User single-clicked a result: SingleClickedResultRank=13
2013-08-29 16:14:55,296 INFO  DataCollectionLogger - Sando.UI.View.SearchViewControl: User single-clicked a result: SingleClickedResultRank=12
2013-08-29 16:14:55,320 INFO  DataCollectionLogger - Sando.UI.View.SearchViewControl: User single-clicked a result: SingleClickedResultRank=11
2013-08-29 16:14:55,380 INFO  DataCollectionLogger - Sando.UI.View.SearchViewControl: User single-clicked a result: SingleClickedResultRank=10
2013-08-29 16:14:55,913 INFO  DataCollectionLogger - Sando.UI.View.SearchViewControl: User single-clicked a result: SingleClickedResultRank=11
2013-08-29 16:14:56,414 INFO  DataCollectionLogger - Sando.UI.View.SearchViewControl: User single-clicked a result: SingleClickedResultRank=12
2013-08-29 16:14:56,463 INFO  DataCollectionLogger - Sando.UI.View.SearchViewControl: User single-clicked a result: SingleClickedResultRank=13
2013-08-29 16:14:56,497 INFO  DataCollectionLogger - Sando.UI.View.SearchViewControl: User single-clicked a result: SingleClickedResultRank=14
2013-08-29 16:14:56,531 INFO  DataCollectionLogger - Sando.UI.View.SearchViewControl: User single-clicked a result: SingleClickedResultRank=15
2013-08-29 16:14:56,564 INFO  DataCollectionLogger - Sando.UI.View.SearchViewControl: User single-clicked a result: SingleClickedResultRank=16
2013-08-29 16:14:56,597 INFO  DataCollectionLogger - Sando.UI.View.SearchViewControl: User single-clicked a result: SingleClickedResultRank=17
2013-08-29 16:14:56,623 INFO  DataCollectionLogger - Sando.UI.View.SearchViewControl: User single-clicked a result: SingleClickedResultRank=18
2013-08-29 16:14:56,647 INFO  DataCollectionLogger - Sando.UI.View.SearchViewControl: User single-clicked a result: SingleClickedResultRank=19
2013-08-29 16:14:56,714 INFO  DataCollectionLogger - Sando.UI.View.SearchViewControl: User single-clicked a result: SingleClickedResultRank=20
2013-08-29 16:14:56,748 INFO  DataCollectionLogger - Sando.UI.View.SearchViewControl: User single-clicked a result: SingleClickedResultRank=21
2013-08-29 16:14:57,298 INFO  DataCollectionLogger - Sando.UI.View.SearchViewControl: User single-clicked a result: SingleClickedResultRank=22
2013-08-29 16:14:58,215 INFO  DataCollectionLogger - Sando.UI.View.SearchViewControl: User single-clicked a result: SingleClickedResultRank=21
2013-08-29 16:15:00,652 INFO  DataCollectionLogger - Sando.UI.View.SearchViewControl: User single-clicked a result: SingleClickedResultRank=0
2013-08-29 16:17:33,420 INFO  DataCollectionLogger - Pre-search recommendation: History
2013-08-29 16:17:33,421 INFO  DataCollectionLogger - Sando.UI.View.SearchViewControl: Recommendation item selected: SelectedRecommendationRank=1
2013-08-29 16:17:33,422 INFO  DataCollectionLogger - Sando.UI.View.SearchViewControl: Recommendation item selected: SelectedRecommendationRank=1
2013-08-29 16:17:33,422 INFO  DataCollectionLogger - Sando.UI.View.SearchViewControl: Recommendation item selected: SelectedRecommendationRank=1
2013-08-29 16:17:33,423 INFO  DataCollectionLogger - Sando.UI.View.SearchViewControl: Recommendation item selected: SelectedRecommendationRank=1
2013-08-29 16:17:33,423 INFO  DataCollectionLogger - Sando.UI.View.SearchViewControl: Recommendation item selected: SelectedRecommendationRank=1
2013-08-29 16:17:39,645 INFO  DataCollectionLogger - Sando.UI.View.SearchManager: Pre retrieval metrics: MaxIDF=1.09861228866811, AvgIDF=1.09861228866811, AvgSQC=5.23071295590897, AvgVAR=0
2013-08-29 16:17:39,648 INFO  DataCollectionLogger - Sando.UI.View.SearchManager: Query submitted by user: QueryDescription=Camelcase ; DiceCoefficientToPreviousQuery=0
2013-08-29 16:17:39,860 INFO  DataCollectionLogger - Sando.UI.View.SearchManager: Sando returned results: NumberOfResults=40, MaxNumberOfResultsPossible=40
2013-08-29 16:17:39,861 INFO  DataCollectionLogger - Sando.UI.View.SearchManager: Post retrieval metrics: AvgScore=0.44648901373148, StdDevScore=0.21802147201997
2013-08-29 16:17:41,449 INFO  DataCollectionLogger - Sando.UI.View.SearchViewControl: User single-clicked a result: SingleClickedResultRank=1
2013-08-29 16:17:41,630 INFO  DataCollectionLogger - Sando.UI.View.SearchViewControl: User single-clicked a result: SingleClickedResultRank=0
2013-08-29 16:17:41,649 INFO  DataCollectionLogger - Sando.UI.View.SearchViewControl: User single-clicked a result: SingleClickedResultRank=2
2013-08-29 16:17:41,814 INFO  DataCollectionLogger - Sando.UI.View.SearchViewControl: User single-clicked a result: SingleClickedResultRank=0
2013-08-29 16:17:41,827 INFO  DataCollectionLogger - Sando.UI.View.SearchViewControl: User single-clicked a result: SingleClickedResultRank=3
2013-08-29 16:17:42,190 INFO  DataCollectionLogger - Sando.UI.View.SearchViewControl: User single-clicked a result: SingleClickedResultRank=0
2013-08-29 16:17:42,204 INFO  DataCollectionLogger - Sando.UI.View.SearchViewControl: User single-clicked a result: SingleClickedResultRank=4
2013-08-29 16:17:42,382 INFO  DataCollectionLogger - Sando.UI.View.SearchViewControl: User single-clicked a result: SingleClickedResultRank=0
2013-08-29 16:17:42,418 INFO  DataCollectionLogger - Sando.UI.View.SearchViewControl: User single-clicked a result: SingleClickedResultRank=5
2013-08-29 16:17:42,558 INFO  DataCollectionLogger - Sando.UI.View.SearchViewControl: User single-clicked a result: SingleClickedResultRank=0
2013-08-29 16:17:42,589 INFO  DataCollectionLogger - Sando.UI.View.SearchViewControl: User single-clicked a result: SingleClickedResultRank=6
2013-08-29 16:17:42,806 INFO  DataCollectionLogger - Sando.UI.View.SearchViewControl: User single-clicked a result: SingleClickedResultRank=0
2013-08-29 16:17:42,832 INFO  DataCollectionLogger - Sando.UI.View.SearchViewControl: User single-clicked a result: SingleClickedResultRank=7
2013-08-29 16:17:42,966 INFO  DataCollectionLogger - Sando.UI.View.SearchViewControl: User single-clicked a result: SingleClickedResultRank=0
2013-08-29 16:17:42,988 INFO  DataCollectionLogger - Sando.UI.View.SearchViewControl: User single-clicked a result: SingleClickedResultRank=8
2013-08-29 16:17:43,150 INFO  DataCollectionLogger - Sando.UI.View.SearchViewControl: User single-clicked a result: SingleClickedResultRank=0
2013-08-29 16:17:43,173 INFO  DataCollectionLogger - Sando.UI.View.SearchViewControl: User single-clicked a result: SingleClickedResultRank=9
2013-08-29 16:17:43,358 INFO  DataCollectionLogger - Sando.UI.View.SearchViewControl: User single-clicked a result: SingleClickedResultRank=0
2013-08-29 16:17:43,387 INFO  DataCollectionLogger - Sando.UI.View.SearchViewControl: User single-clicked a result: SingleClickedResultRank=10
2013-08-29 16:17:43,598 INFO  DataCollectionLogger - Sando.UI.View.SearchViewControl: User single-clicked a result: SingleClickedResultRank=0
2013-08-29 16:17:43,627 INFO  DataCollectionLogger - Sando.UI.View.SearchViewControl: User single-clicked a result: SingleClickedResultRank=11
2013-08-29 16:17:43,790 INFO  DataCollectionLogger - Sando.UI.View.SearchViewControl: User single-clicked a result: SingleClickedResultRank=0
2013-08-29 16:17:43,816 INFO  DataCollectionLogger - Sando.UI.View.SearchViewControl: User single-clicked a result: SingleClickedResultRank=12
2013-08-29 16:17:44,014 INFO  DataCollectionLogger - Sando.UI.View.SearchViewControl: User single-clicked a result: SingleClickedResultRank=0
2013-08-29 16:17:44,048 INFO  DataCollectionLogger - Sando.UI.View.SearchViewControl: User single-clicked a result: SingleClickedResultRank=13
2013-08-29 16:17:44,222 INFO  DataCollectionLogger - Sando.UI.View.SearchViewControl: User single-clicked a result: SingleClickedResultRank=0
2013-08-29 16:17:44,268 INFO  DataCollectionLogger - Sando.UI.View.SearchViewControl: User single-clicked a result: SingleClickedResultRank=14
2013-08-29 16:17:44,430 INFO  DataCollectionLogger - Sando.UI.View.SearchViewControl: User single-clicked a result: SingleClickedResultRank=0
2013-08-29 16:17:44,525 INFO  DataCollectionLogger - Sando.UI.View.SearchViewControl: User single-clicked a result: SingleClickedResultRank=15
2013-08-29 16:17:45,894 INFO  DataCollectionLogger - Sando.UI.View.SearchViewControl: User single-clicked a result: SingleClickedResultRank=0
2013-08-29 16:17:45,903 INFO  DataCollectionLogger - Sando.UI.View.SearchViewControl: User single-clicked a result: SingleClickedResultRank=14
2013-08-29 16:17:46,393 INFO  DataCollectionLogger - Sando.UI.View.SearchViewControl: User single-clicked a result: SingleClickedResultRank=0
2013-08-29 16:17:46,402 INFO  DataCollectionLogger - Sando.UI.View.SearchViewControl: User single-clicked a result: SingleClickedResultRank=13
2013-08-29 16:17:46,446 INFO  DataCollectionLogger - Sando.UI.View.SearchViewControl: User single-clicked a result: SingleClickedResultRank=0
2013-08-29 16:17:46,455 INFO  DataCollectionLogger - Sando.UI.View.SearchViewControl: User single-clicked a result: SingleClickedResultRank=12
2013-08-29 16:17:46,459 INFO  DataCollectionLogger - Sando.UI.View.SearchViewControl: User single-clicked a result: SingleClickedResultRank=0
2013-08-29 16:17:46,469 INFO  DataCollectionLogger - Sando.UI.View.SearchViewControl: User single-clicked a result: SingleClickedResultRank=11
2013-08-29 16:17:46,492 INFO  DataCollectionLogger - Sando.UI.View.SearchViewControl: User single-clicked a result: SingleClickedResultRank=0
2013-08-29 16:17:46,502 INFO  DataCollectionLogger - Sando.UI.View.SearchViewControl: User single-clicked a result: SingleClickedResultRank=10
2013-08-29 16:17:46,554 INFO  DataCollectionLogger - Sando.UI.View.SearchViewControl: User single-clicked a result: SingleClickedResultRank=0
2013-08-29 16:17:46,563 INFO  DataCollectionLogger - Sando.UI.View.SearchViewControl: User single-clicked a result: SingleClickedResultRank=9
2013-08-29 16:17:46,567 INFO  DataCollectionLogger - Sando.UI.View.SearchViewControl: User single-clicked a result: SingleClickedResultRank=0
2013-08-29 16:17:46,577 INFO  DataCollectionLogger - Sando.UI.View.SearchViewControl: User single-clicked a result: SingleClickedResultRank=8
2013-08-29 16:17:46,591 INFO  DataCollectionLogger - Sando.UI.View.SearchViewControl: User single-clicked a result: SingleClickedResultRank=0
2013-08-29 16:17:46,601 INFO  DataCollectionLogger - Sando.UI.View.SearchViewControl: User single-clicked a result: SingleClickedResultRank=7
2013-08-29 16:17:46,651 INFO  DataCollectionLogger - Sando.UI.View.SearchViewControl: User single-clicked a result: SingleClickedResultRank=0
2013-08-29 16:17:46,660 INFO  DataCollectionLogger - Sando.UI.View.SearchViewControl: User single-clicked a result: SingleClickedResultRank=6
2013-08-29 16:17:46,665 INFO  DataCollectionLogger - Sando.UI.View.SearchViewControl: User single-clicked a result: SingleClickedResultRank=0
2013-08-29 16:17:46,676 INFO  DataCollectionLogger - Sando.UI.View.SearchViewControl: User single-clicked a result: SingleClickedResultRank=5
2013-08-29 16:17:46,690 INFO  DataCollectionLogger - Sando.UI.View.SearchViewControl: User single-clicked a result: SingleClickedResultRank=0
2013-08-29 16:17:46,699 INFO  DataCollectionLogger - Sando.UI.View.SearchViewControl: User single-clicked a result: SingleClickedResultRank=4
2013-08-29 16:17:46,745 INFO  DataCollectionLogger - Sando.UI.View.SearchViewControl: User single-clicked a result: SingleClickedResultRank=0
2013-08-29 16:17:46,753 INFO  DataCollectionLogger - Sando.UI.View.SearchViewControl: User single-clicked a result: SingleClickedResultRank=3
2013-08-29 16:17:46,758 INFO  DataCollectionLogger - Sando.UI.View.SearchViewControl: User single-clicked a result: SingleClickedResultRank=0
2013-08-29 16:17:46,768 INFO  DataCollectionLogger - Sando.UI.View.SearchViewControl: User single-clicked a result: SingleClickedResultRank=2
2013-08-29 16:17:46,789 INFO  DataCollectionLogger - Sando.UI.View.SearchViewControl: User single-clicked a result: SingleClickedResultRank=0
2013-08-29 16:17:46,798 INFO  DataCollectionLogger - Sando.UI.View.SearchViewControl: User single-clicked a result: SingleClickedResultRank=1
2013-08-29 16:17:49,159 INFO  DataCollectionLogger - Sando.UI.View.SearchViewControl: User single-clicked a result: SingleClickedResultRank=0
2013-08-29 16:17:49,169 INFO  DataCollectionLogger - Sando.UI.View.SearchViewControl: User single-clicked a result: SingleClickedResultRank=2
2013-08-29 16:17:49,382 INFO  DataCollectionLogger - Sando.UI.View.SearchViewControl: User single-clicked a result: SingleClickedResultRank=0
2013-08-29 16:17:49,391 INFO  DataCollectionLogger - Sando.UI.View.SearchViewControl: User single-clicked a result: SingleClickedResultRank=3
2013-08-29 16:17:49,550 INFO  DataCollectionLogger - Sando.UI.View.SearchViewControl: User single-clicked a result: SingleClickedResultRank=0
2013-08-29 16:17:49,559 INFO  DataCollectionLogger - Sando.UI.View.SearchViewControl: User single-clicked a result: SingleClickedResultRank=4
2013-08-29 16:17:49,734 INFO  DataCollectionLogger - Sando.UI.View.SearchViewControl: User single-clicked a result: SingleClickedResultRank=0
2013-08-29 16:17:49,744 INFO  DataCollectionLogger - Sando.UI.View.SearchViewControl: User single-clicked a result: SingleClickedResultRank=5
2013-08-29 16:17:49,934 INFO  DataCollectionLogger - Sando.UI.View.SearchViewControl: User single-clicked a result: SingleClickedResultRank=0
2013-08-29 16:17:49,943 INFO  DataCollectionLogger - Sando.UI.View.SearchViewControl: User single-clicked a result: SingleClickedResultRank=6
2013-08-29 16:17:50,134 INFO  DataCollectionLogger - Sando.UI.View.SearchViewControl: User single-clicked a result: SingleClickedResultRank=0
2013-08-29 16:17:50,145 INFO  DataCollectionLogger - Sando.UI.View.SearchViewControl: User single-clicked a result: SingleClickedResultRank=7
2013-08-29 16:17:50,334 INFO  DataCollectionLogger - Sando.UI.View.SearchViewControl: User single-clicked a result: SingleClickedResultRank=0
2013-08-29 16:17:50,343 INFO  DataCollectionLogger - Sando.UI.View.SearchViewControl: User single-clicked a result: SingleClickedResultRank=8
2013-08-29 16:17:50,526 INFO  DataCollectionLogger - Sando.UI.View.SearchViewControl: User single-clicked a result: SingleClickedResultRank=0
2013-08-29 16:17:50,535 INFO  DataCollectionLogger - Sando.UI.View.SearchViewControl: User single-clicked a result: SingleClickedResultRank=9
2013-08-29 16:17:50,710 INFO  DataCollectionLogger - Sando.UI.View.SearchViewControl: User single-clicked a result: SingleClickedResultRank=0
2013-08-29 16:17:50,719 INFO  DataCollectionLogger - Sando.UI.View.SearchViewControl: User single-clicked a result: SingleClickedResultRank=10
2013-08-29 16:17:50,910 INFO  DataCollectionLogger - Sando.UI.View.SearchViewControl: User single-clicked a result: SingleClickedResultRank=0
2013-08-29 16:17:50,919 INFO  DataCollectionLogger - Sando.UI.View.SearchViewControl: User single-clicked a result: SingleClickedResultRank=11
2013-08-29 16:17:51,126 INFO  DataCollectionLogger - Sando.UI.View.SearchViewControl: User single-clicked a result: SingleClickedResultRank=0
2013-08-29 16:17:51,135 INFO  DataCollectionLogger - Sando.UI.View.SearchViewControl: User single-clicked a result: SingleClickedResultRank=12
2013-08-29 16:17:51,390 INFO  DataCollectionLogger - Sando.UI.View.SearchViewControl: User single-clicked a result: SingleClickedResultRank=0
2013-08-29 16:17:51,399 INFO  DataCollectionLogger - Sando.UI.View.SearchViewControl: User single-clicked a result: SingleClickedResultRank=13
2013-08-29 16:18:18,480 INFO  DataCollectionLogger - Sando.UI.View.SearchViewControl: User single-clicked a result: SingleClickedResultRank=0
2013-08-29 16:18:28,174 INFO  DataCollectionLogger - Pre-search recommendation: Verb-DO pair
2013-08-29 16:18:28,175 INFO  DataCollectionLogger - Sando.UI.View.SearchViewControl: Recommendation item selected: SelectedRecommendationRank=1
2013-08-29 16:18:28,175 INFO  DataCollectionLogger - Sando.UI.View.SearchViewControl: Recommendation item selected: SelectedRecommendationRank=1
2013-08-29 16:18:28,176 INFO  DataCollectionLogger - Sando.UI.View.SearchViewControl: Recommendation item selected: SelectedRecommendationRank=1
2013-08-29 16:18:28,176 INFO  DataCollectionLogger - Sando.UI.View.SearchViewControl: Recommendation item selected: SelectedRecommendationRank=1
2013-08-29 16:18:28,177 INFO  DataCollectionLogger - Sando.UI.View.SearchViewControl: Recommendation item selected: SelectedRecommendationRank=1
2013-08-29 16:18:28,177 INFO  DataCollectionLogger - Sando.UI.View.SearchViewControl: Recommendation item selected: SelectedRecommendationRank=1
2013-08-29 16:18:28,665 INFO  DataCollectionLogger - Sando.UI.View.SearchManager: Pre retrieval metrics: MaxIDF=2.484906649788, AvgIDF=1.79175946922805, AvgSQC=7.22243577918779, AvgVAR=0
2013-08-29 16:18:28,665 INFO  DataCollectionLogger - Sando.UI.View.SearchManager: Query submitted by user: QueryDescription=Camelcase,Camelcase ; DiceCoefficientToPreviousQuery=0.666666666666667
2013-08-29 16:18:29,669 INFO  DataCollectionLogger - Sando.UI.View.SearchManager: Sando returned results: NumberOfResults=40, MaxNumberOfResultsPossible=40
2013-08-29 16:18:29,669 INFO  DataCollectionLogger - Sando.UI.View.SearchManager: Post retrieval metrics: AvgScore=0.247038578987122, StdDevScore=0.152069091897709
2013-08-29 16:18:30,556 INFO  DataCollectionLogger - Sando.UI.View.SearchViewControl: User single-clicked a result: SingleClickedResultRank=1
2013-08-29 16:18:30,712 INFO  DataCollectionLogger - Sando.UI.View.SearchViewControl: User single-clicked a result: SingleClickedResultRank=0
2013-08-29 16:18:30,736 INFO  DataCollectionLogger - Sando.UI.View.SearchViewControl: User single-clicked a result: SingleClickedResultRank=2
2013-08-29 16:18:31,024 INFO  DataCollectionLogger - Sando.UI.View.SearchViewControl: User single-clicked a result: SingleClickedResultRank=0
2013-08-29 16:18:31,034 INFO  DataCollectionLogger - Sando.UI.View.SearchViewControl: User single-clicked a result: SingleClickedResultRank=1
2013-08-29 16:18:32,461 INFO  DataCollectionLogger - Sando.UI.View.SearchViewControl: User single-clicked a result: SingleClickedResultRank=0
2013-08-29 16:18:32,523 INFO  DataCollectionLogger - FileOpener: User double-clicked a result: TypeOfResult=Method, QueryToResultSimilarityDescription=QueryNotInNameOrRawSource, ResultLanguage=C#, ResultLuceneScore=0.770920097827911, DoubleClickedResultRank=1
